<?xml version="1.0" encoding="UTF-8"?>
<coverage generated="1778008229703" clover="3.2.0">
  <project timestamp="1778008229704" name="All files">
    <metrics statements="268" coveredstatements="258" conditionals="280" coveredconditionals="209" methods="85" coveredmethods="79" elements="633" coveredelements="546" complexity="0" loc="268" ncloc="268" packages="6" files="7" classes="7"/>
    <package name="app">
      <metrics statements="41" coveredstatements="41" conditionals="12" coveredconditionals="9" methods="4" coveredmethods="4"/>
      <file name="sign-in.tsx" path="/mnt/ssd/Projects/caltrackr/src/app/sign-in.tsx">
        <metrics statements="41" coveredstatements="41" conditionals="12" coveredconditionals="9" methods="4" coveredmethods="4"/>
        <line num="12" count="23" type="stmt"/>
        <line num="13" count="23" type="stmt"/>
        <line num="14" count="23" type="stmt"/>
        <line num="15" count="23" type="stmt"/>
        <line num="16" count="23" type="stmt"/>
        <line num="18" count="23" type="stmt"/>
        <line num="19" count="2" type="stmt"/>
        <line num="20" count="2" type="stmt"/>
        <line num="21" count="2" type="stmt"/>
        <line num="22" count="2" type="stmt"/>
        <line num="23" count="1" type="stmt"/>
        <line num="25" count="1" type="cond" truecount="1" falsecount="1"/>
        <line num="26" count="1" type="stmt"/>
        <line num="27" count="1" type="stmt"/>
        <line num="29" count="2" type="stmt"/>
        <line num="33" count="23" type="stmt"/>
        <line num="34" count="2" type="stmt"/>
        <line num="35" count="2" type="stmt"/>
        <line num="36" count="2" type="stmt"/>
        <line num="37" count="2" type="stmt"/>
        <line num="38" count="1" type="stmt"/>
        <line num="40" count="1" type="cond" truecount="1" falsecount="1"/>
        <line num="41" count="1" type="stmt"/>
        <line num="42" count="1" type="stmt"/>
        <line num="44" count="2" type="stmt"/>
        <line num="48" count="23" type="stmt"/>
        <line num="49" count="3" type="cond" truecount="2" falsecount="0"/>
        <line num="50" count="1" type="stmt"/>
        <line num="51" count="1" type="stmt"/>
        <line num="53" count="2" type="stmt"/>
        <line num="54" count="2" type="stmt"/>
        <line num="55" count="2" type="stmt"/>
        <line num="56" count="2" type="stmt"/>
        <line num="57" count="1" type="stmt"/>
        <line num="58" count="1" type="stmt"/>
        <line num="60" count="1" type="cond" truecount="1" falsecount="1"/>
        <line num="61" count="1" type="stmt"/>
        <line num="62" count="1" type="stmt"/>
        <line num="64" count="2" type="stmt"/>
        <line num="69" count="23" type="stmt"/>
        <line num="108" count="1" type="stmt"/>
      </file>
    </package>
    <package name="components">
      <metrics statements="36" coveredstatements="36" conditionals="53" coveredconditionals="41" methods="21" coveredmethods="21"/>
      <file name="protected.tsx" path="/mnt/ssd/Projects/caltrackr/src/components/protected.tsx">
        <metrics statements="4" coveredstatements="4" conditionals="4" coveredconditionals="4" methods="1" coveredmethods="1"/>
        <line num="8" count="3" type="stmt"/>
        <line num="10" count="3" type="cond" truecount="2" falsecount="0"/>
        <line num="11" count="2" type="cond" truecount="2" falsecount="0"/>
        <line num="13" count="1" type="stmt"/>
      </file>
      <file name="ui.tsx" path="/mnt/ssd/Projects/caltrackr/src/components/ui.tsx">
        <metrics statements="32" coveredstatements="32" conditionals="49" coveredconditionals="37" methods="20" coveredmethods="20"/>
        <line num="49" count="72" type="stmt"/>
        <line num="53" count="72" type="stmt"/>
        <line num="67" count="2" type="stmt"/>
        <line num="68" count="2" type="cond" truecount="1" falsecount="1"/>
        <line num="75" count="25" type="stmt"/>
        <line num="89" count="1" type="stmt"/>
        <line num="102" count="1" type="stmt"/>
        <line num="114" count="4" type="stmt"/>
        <line num="122" count="1" type="stmt"/>
        <line num="132" count="3" type="stmt"/>
        <line num="150" count="47" type="stmt"/>
        <line num="159" count="1" type="stmt"/>
        <line num="160" count="1" type="cond" truecount="3" falsecount="1"/>
        <line num="167" count="1" type="stmt"/>
        <line num="176" count="1" type="stmt"/>
        <line num="183" count="2" type="stmt"/>
        <line num="195" count="1" type="stmt"/>
        <line num="196" count="1" type="stmt"/>
        <line num="197" count="1" type="stmt"/>
        <line num="198" count="1" type="stmt"/>
        <line num="199" count="1" type="stmt"/>
        <line num="200" count="8" type="cond" truecount="2" falsecount="0"/>
        <line num="201" count="7" type="cond" truecount="2" falsecount="0"/>
        <line num="202" count="6" type="stmt"/>
        <line num="205" count="1" type="cond" truecount="1" falsecount="1"/>
        <line num="226" count="1" type="stmt"/>
        <line num="238" count="6" type="stmt"/>
        <line num="239" count="6" type="stmt"/>
        <line num="240" count="6" type="stmt"/>
        <line num="256" count="1" type="stmt"/>
        <line num="265" count="1" type="stmt"/>
        <line num="275" count="2" type="stmt"/>
      </file>
    </package>
    <package name="constants">
      <metrics statements="12" coveredstatements="12" conditionals="0" coveredconditionals="0" methods="1" coveredmethods="1"/>
      <file name="theme.ts" path="/mnt/ssd/Projects/caltrackr/src/constants/theme.ts">
        <metrics statements="12" coveredstatements="12" conditionals="0" coveredconditionals="0" methods="1" coveredmethods="1"/>
        <line num="5" count="2" type="stmt"/>
        <line num="27" count="2" type="stmt"/>
        <line num="35" count="2" type="stmt"/>
        <line num="44" count="2" type="stmt"/>
        <line num="57" count="2" type="stmt"/>
        <line num="65" count="2" type="stmt"/>
        <line num="70" count="2" type="stmt"/>
        <line num="72" count="2" type="stmt"/>
        <line num="91" count="2" type="stmt"/>
        <line num="98" count="2" type="stmt"/>
        <line num="108" count="2" type="stmt"/>
        <line num="109" count="2" type="stmt"/>
      </file>
    </package>
    <package name="data">
      <metrics statements="33" coveredstatements="33" conditionals="16" coveredconditionals="13" methods="16" coveredmethods="15"/>
      <file name="defaults.ts" path="/mnt/ssd/Projects/caltrackr/src/data/defaults.ts">
        <metrics statements="33" coveredstatements="33" conditionals="16" coveredconditionals="13" methods="16" coveredmethods="15"/>
        <line num="3" count="35" type="stmt"/>
        <line num="5" count="3" type="stmt"/>
        <line num="6" count="18" type="stmt"/>
        <line num="7" count="18" type="stmt"/>
        <line num="8" count="18" type="stmt"/>
        <line num="11" count="3" type="stmt"/>
        <line num="12" count="3" type="stmt"/>
        <line num="14" count="6" type="cond" truecount="1" falsecount="0"/>
        <line num="33" count="3" type="stmt"/>
        <line num="34" count="42" type="stmt"/>
        <line num="35" count="42" type="cond" truecount="1" falsecount="1"/>
        <line num="36" count="42" type="stmt"/>
        <line num="39" count="3" type="stmt"/>
        <line num="46" count="3" type="cond" truecount="2" falsecount="0"/>
        <line num="47" count="1" type="stmt"/>
        <line num="50" count="2" type="stmt"/>
        <line num="51" count="14" type="stmt"/>
        <line num="52" count="14" type="stmt"/>
        <line num="53" count="126" type="stmt"/>
        <line num="54" count="42" type="stmt"/>
        <line num="55" count="42" type="cond" truecount="1" falsecount="1"/>
        <line num="57" count="42" type="stmt"/>
        <line num="66" count="14" type="stmt"/>
        <line num="73" count="2" type="stmt"/>
        <line num="81" count="3" type="stmt"/>
        <line num="82" count="15" type="stmt"/>
        <line num="83" count="4" type="stmt"/>
        <line num="85" count="4" type="stmt"/>
        <line num="86" count="10" type="stmt"/>
        <line num="87" count="24" type="cond" truecount="1" falsecount="1"/>
        <line num="88" count="24" type="cond" truecount="2" falsecount="0"/>
        <line num="92" count="4" type="stmt"/>
        <line num="96" count="6" type="stmt"/>
      </file>
    </package>
    <package name="lib">
      <metrics statements="14" coveredstatements="14" conditionals="26" coveredconditionals="24" methods="0" coveredmethods="0"/>
      <file name="firebase.ts" path="/mnt/ssd/Projects/caltrackr/src/lib/firebase.ts">
        <metrics statements="14" coveredstatements="14" conditionals="26" coveredconditionals="24" methods="0" coveredmethods="0"/>
        <line num="6" count="3" type="stmt"/>
        <line num="15" count="3" type="cond" truecount="1" falsecount="1"/>
        <line num="17" count="3" type="stmt"/>
        <line num="18" count="3" type="stmt"/>
        <line num="21" count="3" type="cond" truecount="3" falsecount="1"/>
        <line num="22" count="3" type="cond" truecount="2" falsecount="0"/>
        <line num="23" count="3" type="cond" truecount="2" falsecount="0"/>
        <line num="24" count="3" type="stmt"/>
        <line num="30" count="3" type="cond" truecount="4" falsecount="0"/>
        <line num="31" count="2" type="stmt"/>
        <line num="32" count="2" type="stmt"/>
        <line num="33" count="1" type="stmt"/>
        <line num="34" count="1" type="stmt"/>
        <line num="36" count="1" type="stmt"/>
      </file>
    </package>
    <package name="services">
      <metrics statements="132" coveredstatements="122" conditionals="173" coveredconditionals="122" methods="43" coveredmethods="38"/>
      <file name="recipes.ts" path="/mnt/ssd/Projects/caltrackr/src/services/recipes.ts">
        <metrics statements="132" coveredstatements="122" conditionals="173" coveredconditionals="122" methods="43" coveredmethods="38"/>
        <line num="89" count="2" type="stmt"/>
        <line num="90" count="2" type="cond" truecount="2" falsecount="0"/>
        <line num="92" count="189" type="cond" truecount="2" falsecount="0"/>
        <line num="94" count="2" type="stmt"/>
        <line num="95" count="20" type="stmt"/>
        <line num="96" count="4" type="stmt"/>
        <line num="98" count="20" type="cond" truecount="2" falsecount="0"/>
        <line num="101" count="2" type="stmt"/>
        <line num="102" count="5" type="cond" truecount="2" falsecount="0"/>
        <line num="103" count="5" type="cond" truecount="3" falsecount="1"/>
        <line num="104" count="5" type="cond" truecount="3" falsecount="1"/>
        <line num="105" count="5" type="cond" truecount="1" falsecount="1"/>
        <line num="106" count="5" type="stmt"/>
        <line num="109" count="2" type="stmt"/>
        <line num="110" count="4" type="cond" truecount="1" falsecount="1"/>
        <line num="111" count="4" type="cond" truecount="3" falsecount="1"/>
        <line num="112" count="4" type="cond" truecount="5" falsecount="1"/>
        <line num="113" count="4" type="cond" truecount="1" falsecount="1"/>
        <line num="114" count="4" type="stmt"/>
        <line num="117" count="8" type="cond" truecount="2" falsecount="0"/>
        <line num="119" count="2" type="stmt"/>
        <line num="120" count="4" type="cond" truecount="3" falsecount="1"/>
        <line num="121" count="106" type="stmt"/>
        <line num="122" count="4" type="cond" truecount="2" falsecount="0"/>
        <line num="127" count="4" type="cond" truecount="1" falsecount="1"/>
        <line num="132" count="4" type="cond" truecount="1" falsecount="1"/>
        <line num="138" count="4" type="stmt"/>
        <line num="146" count="2" type="stmt"/>
        <line num="147" count="4" type="stmt"/>
        <line num="148" count="80" type="stmt"/>
        <line num="149" count="80" type="stmt"/>
        <line num="150" count="80" type="stmt"/>
        <line num="151" count="80" type="cond" truecount="3" falsecount="1"/>
        <line num="154" count="2" type="stmt"/>
        <line num="155" count="4" type="stmt"/>
        <line num="157" count="4" type="stmt"/>
        <line num="161" count="2" type="stmt"/>
        <line num="162" count="4" type="stmt"/>
        <line num="163" count="4" type="stmt"/>
        <line num="164" count="4" type="stmt"/>
        <line num="166" count="4" type="stmt"/>
        <line num="188" count="2" type="stmt"/>
        <line num="189" count="5" type="cond" truecount="2" falsecount="0"/>
        <line num="190" count="0" type="cond" truecount="0" falsecount="3"/>
        <line num="194" count="5" type="cond" truecount="2" falsecount="4"/>
        <line num="195" count="5" type="stmt"/>
        <line num="197" count="5" type="stmt"/>
        <line num="228" count="1" type="stmt"/>
        <line num="235" count="1" type="stmt"/>
        <line num="236" count="1" type="cond" truecount="1" falsecount="1"/>
        <line num="237" count="0" type="stmt"/>
        <line num="240" count="1" type="stmt"/>
        <line num="241" count="1" type="stmt"/>
        <line num="242" count="1" type="cond" truecount="1" falsecount="1"/>
        <line num="244" count="1" type="stmt"/>
        <line num="249" count="1" type="stmt"/>
        <line num="250" count="1" type="cond" truecount="1" falsecount="1"/>
        <line num="251" count="0" type="stmt"/>
        <line num="254" count="1" type="stmt"/>
        <line num="255" count="1" type="stmt"/>
        <line num="257" count="1" type="stmt"/>
        <line num="259" count="1" type="stmt"/>
        <line num="260" count="1" type="cond" truecount="1" falsecount="1"/>
        <line num="261" count="1" type="stmt"/>
        <line num="265" count="1" type="cond" truecount="2" falsecount="3"/>
        <line num="266" count="1" type="cond" truecount="2" falsecount="3"/>
        <line num="268" count="1" type="stmt"/>
        <line num="280" count="2" type="stmt"/>
        <line num="281" count="2" type="cond" truecount="1" falsecount="1"/>
        <line num="282" count="0" type="stmt"/>
        <line num="285" count="2" type="stmt"/>
        <line num="286" count="2" type="cond" truecount="1" falsecount="1"/>
        <line num="290" count="1" type="stmt"/>
        <line num="291" count="1" type="cond" truecount="1" falsecount="1"/>
        <line num="293" count="1" type="stmt"/>
        <line num="297" count="1" type="stmt"/>
        <line num="298" count="1" type="cond" truecount="1" falsecount="1"/>
        <line num="299" count="0" type="stmt"/>
        <line num="302" count="1" type="stmt"/>
        <line num="341" count="5" type="stmt"/>
        <line num="342" count="5" type="cond" truecount="2" falsecount="0"/>
        <line num="343" count="3" type="stmt"/>
        <line num="346" count="2" type="stmt"/>
        <line num="347" count="2" type="cond" truecount="1" falsecount="1"/>
        <line num="355" count="7" type="stmt"/>
        <line num="356" count="1" type="stmt"/>
        <line num="359" count="7" type="cond" truecount="4" falsecount="0"/>
        <line num="361" count="6" type="cond" truecount="2" falsecount="0"/>
        <line num="365" count="3" type="stmt"/>
        <line num="372" count="4" type="stmt"/>
        <line num="381" count="4" type="cond" truecount="1" falsecount="1"/>
        <line num="382" count="0" type="stmt"/>
        <line num="384" count="4" type="cond" truecount="1" falsecount="1"/>
        <line num="385" count="4" type="stmt"/>
        <line num="388" count="4" type="stmt"/>
        <line num="389" count="4" type="cond" truecount="2" falsecount="0"/>
        <line num="390" count="1" type="stmt"/>
        <line num="393" count="3" type="stmt"/>
        <line num="394" count="3" type="cond" truecount="1" falsecount="1"/>
        <line num="402" count="6" type="stmt"/>
        <line num="403" count="6" type="cond" truecount="2" falsecount="0"/>
        <line num="405" count="5" type="stmt"/>
        <line num="406" count="1" type="stmt"/>
        <line num="409" count="5" type="cond" truecount="3" falsecount="1"/>
        <line num="411" count="5" type="cond" truecount="2" falsecount="0"/>
        <line num="415" count="4" type="stmt"/>
        <line num="422" count="2" type="stmt"/>
        <line num="426" count="2" type="stmt"/>
        <line num="427" count="4" type="stmt"/>
        <line num="428" count="2" type="stmt"/>
        <line num="429" count="2" type="stmt"/>
        <line num="431" count="2" type="cond" truecount="2" falsecount="0"/>
        <line num="432" count="1" type="stmt"/>
        <line num="433" count="1" type="stmt"/>
        <line num="439" count="0" type="stmt"/>
        <line num="442" count="1" type="stmt"/>
        <line num="443" count="2" type="stmt"/>
        <line num="445" count="2" type="stmt"/>
        <line num="447" count="1" type="stmt"/>
        <line num="454" count="3" type="cond" truecount="2" falsecount="0"/>
        <line num="455" count="1" type="stmt"/>
        <line num="456" count="1" type="cond" truecount="1" falsecount="1"/>
        <line num="459" count="2" type="cond" truecount="2" falsecount="0"/>
        <line num="460" count="1" type="stmt"/>
        <line num="461" count="1" type="cond" truecount="1" falsecount="1"/>
        <line num="464" count="1" type="stmt"/>
        <line num="468" count="1" type="cond" truecount="1" falsecount="1"/>
        <line num="469" count="0" type="stmt"/>
        <line num="472" count="1" type="stmt"/>
        <line num="473" count="1" type="stmt"/>
        <line num="474" count="0" type="cond" truecount="0" falsecount="2"/>
        <line num="485" count="0" type="stmt"/>
      </file>
    </package>
  </project>
</coverage>
