{"/mnt/ssd/Projects/caltrackr/src/app/sign-in.tsx": {"path":"/mnt/ssd/Projects/caltrackr/src/app/sign-in.tsx","statementMap":{"0":{"start":{"line":12,"column":54},"end":{"line":12,"column":63}},"1":{"start":{"line":13,"column":28},"end":{"line":13,"column":40}},"2":{"start":{"line":14,"column":34},"end":{"line":14,"column":46}},"3":{"start":{"line":15,"column":26},"end":{"line":15,"column":41}},"4":{"start":{"line":16,"column":32},"end":{"line":16,"column":44}},"5":{"start":{"line":18,"column":17},"end":{"line":31,"column":3}},"6":{"start":{"line":19,"column":4},"end":{"line":19,"column":19}},"7":{"start":{"line":20,"column":4},"end":{"line":20,"column":18}},"8":{"start":{"line":21,"column":4},"end":{"line":30,"column":5}},"9":{"start":{"line":22,"column":6},"end":{"line":22,"column":36}},"10":{"start":{"line":23,"column":6},"end":{"line":23,"column":35}},"11":{"start":{"line":25,"column":26},"end":{"line":25,"column":115}},"12":{"start":{"line":26,"column":6},"end":{"line":26,"column":30}},"13":{"start":{"line":27,"column":6},"end":{"line":27,"column":49}},"14":{"start":{"line":29,"column":6},"end":{"line":29,"column":21}},"15":{"start":{"line":33,"column":23},"end":{"line":46,"column":3}},"16":{"start":{"line":34,"column":4},"end":{"line":34,"column":19}},"17":{"start":{"line":35,"column":4},"end":{"line":35,"column":18}},"18":{"start":{"line":36,"column":4},"end":{"line":45,"column":5}},"19":{"start":{"line":37,"column":6},"end":{"line":37,"column":31}},"20":{"start":{"line":38,"column":6},"end":{"line":38,"column":35}},"21":{"start":{"line":40,"column":26},"end":{"line":40,"column":126}},"22":{"start":{"line":41,"column":6},"end":{"line":41,"column":30}},"23":{"start":{"line":42,"column":6},"end":{"line":42,"column":56}},"24":{"start":{"line":44,"column":6},"end":{"line":44,"column":21}},"25":{"start":{"line":48,"column":31},"end":{"line":66,"column":3}},"26":{"start":{"line":49,"column":4},"end":{"line":52,"column":5}},"27":{"start":{"line":50,"column":6},"end":{"line":50,"column":71}},"28":{"start":{"line":51,"column":6},"end":{"line":51,"column":13}},"29":{"start":{"line":53,"column":4},"end":{"line":53,"column":19}},"30":{"start":{"line":54,"column":4},"end":{"line":54,"column":18}},"31":{"start":{"line":55,"column":4},"end":{"line":65,"column":5}},"32":{"start":{"line":56,"column":6},"end":{"line":56,"column":33}},"33":{"start":{"line":57,"column":6},"end":{"line":57,"column":93}},"34":{"start":{"line":58,"column":6},"end":{"line":58,"column":65}},"35":{"start":{"line":60,"column":26},"end":{"line":60,"column":113}},"36":{"start":{"line":61,"column":6},"end":{"line":61,"column":30}},"37":{"start":{"line":62,"column":6},"end":{"line":62,"column":47}},"38":{"start":{"line":64,"column":6},"end":{"line":64,"column":21}},"39":{"start":{"line":69,"column":2},"end":{"line":105,"column":4}},"40":{"start":{"line":108,"column":15},"end":{"line":193,"column":2}}},"fnMap":{"0":{"name":"SignInScreen","decl":{"start":{"line":11,"column":24},"end":{"line":11,"column":36}},"loc":{"start":{"line":11,"column":39},"end":{"line":106,"column":1}},"line":11},"1":{"name":"(anonymous_1)","decl":{"start":{"line":18,"column":17},"end":{"line":18,"column":18}},"loc":{"start":{"line":18,"column":29},"end":{"line":31,"column":3}},"line":18},"2":{"name":"(anonymous_2)","decl":{"start":{"line":33,"column":23},"end":{"line":33,"column":24}},"loc":{"start":{"line":33,"column":35},"end":{"line":46,"column":3}},"line":33},"3":{"name":"(anonymous_3)","decl":{"start":{"line":48,"column":31},"end":{"line":48,"column":32}},"loc":{"start":{"line":48,"column":43},"end":{"line":66,"column":3}},"line":48}},"branchMap":{"0":{"loc":{"start":{"line":25,"column":26},"end":{"line":25,"column":115}},"type":"cond-expr","locations":[{"start":{"line":25,"column":51},"end":{"line":25,"column":64}},{"start":{"line":25,"column":67},"end":{"line":25,"column":115}}],"line":25},"1":{"loc":{"start":{"line":40,"column":26},"end":{"line":40,"column":126}},"type":"cond-expr","locations":[{"start":{"line":40,"column":51},"end":{"line":40,"column":64}},{"start":{"line":40,"column":67},"end":{"line":40,"column":126}}],"line":40},"2":{"loc":{"start":{"line":49,"column":4},"end":{"line":52,"column":5}},"type":"if","locations":[{"start":{"line":49,"column":4},"end":{"line":52,"column":5}},{"start":{},"end":{}}],"line":49},"3":{"loc":{"start":{"line":60,"column":26},"end":{"line":60,"column":113}},"type":"cond-expr","locations":[{"start":{"line":60,"column":51},"end":{"line":60,"column":64}},{"start":{"line":60,"column":67},"end":{"line":60,"column":113}}],"line":60},"4":{"loc":{"start":{"line":84,"column":11},"end":{"line":84,"column":73}},"type":"cond-expr","locations":[{"start":{"line":84,"column":21},"end":{"line":84,"column":66}},{"start":{"line":84,"column":69},"end":{"line":84,"column":73}}],"line":84},"5":{"loc":{"start":{"line":89,"column":13},"end":{"line":89,"column":47}},"type":"cond-expr","locations":[{"start":{"line":89,"column":20},"end":{"line":89,"column":35}},{"start":{"line":89,"column":38},"end":{"line":89,"column":47}}],"line":89}},"s":{"0":23,"1":23,"2":23,"3":23,"4":23,"5":23,"6":2,"7":2,"8":2,"9":2,"10":1,"11":1,"12":1,"13":1,"14":2,"15":23,"16":2,"17":2,"18":2,"19":2,"20":1,"21":1,"22":1,"23":1,"24":2,"25":23,"26":3,"27":1,"28":1,"29":2,"30":2,"31":2,"32":2,"33":1,"34":1,"35":1,"36":1,"37":1,"38":2,"39":23,"40":1},"f":{"0":23,"1":2,"2":2,"3":3},"b":{"0":[1,0],"1":[1,0],"2":[1,2],"3":[1,0],"4":[5,18],"5":[6,17]},"_coverageSchema":"1a1c01bbd47fc00a2c39e90264f33305004495a9","hash":"eaf1e64ba2c358a29c2f992af63907a8b924ea82"}
,"/mnt/ssd/Projects/caltrackr/src/components/protected.tsx": {"path":"/mnt/ssd/Projects/caltrackr/src/components/protected.tsx","statementMap":{"0":{"start":{"line":8,"column":28},"end":{"line":8,"column":37}},"1":{"start":{"line":10,"column":2},"end":{"line":10,"column":39}},"2":{"start":{"line":10,"column":15},"end":{"line":10,"column":39}},"3":{"start":{"line":11,"column":2},"end":{"line":11,"column":49}},"4":{"start":{"line":11,"column":13},"end":{"line":11,"column":49}},"5":{"start":{"line":13,"column":2},"end":{"line":13,"column":18}}},"fnMap":{"0":{"name":"Protected","decl":{"start":{"line":7,"column":16},"end":{"line":7,"column":25}},"loc":{"start":{"line":7,"column":59},"end":{"line":14,"column":1}},"line":7}},"branchMap":{"0":{"loc":{"start":{"line":10,"column":2},"end":{"line":10,"column":39}},"type":"if","locations":[{"start":{"line":10,"column":2},"end":{"line":10,"column":39}},{"start":{},"end":{}}],"line":10},"1":{"loc":{"start":{"line":11,"column":2},"end":{"line":11,"column":49}},"type":"if","locations":[{"start":{"line":11,"column":2},"end":{"line":11,"column":49}},{"start":{},"end":{}}],"line":11}},"s":{"0":3,"1":3,"2":1,"3":2,"4":1,"5":1},"f":{"0":3},"b":{"0":[1,2],"1":[1,1]},"_coverageSchema":"1a1c01bbd47fc00a2c39e90264f33305004495a9","hash":"56382d5c9f95097054d953d198a409aa421c42f5"}
,"/mnt/ssd/Projects/caltrackr/src/components/ui.tsx": {"path":"/mnt/ssd/Projects/caltrackr/src/components/ui.tsx","statementMap":{"0":{"start":{"line":49,"column":2},"end":{"line":63,"column":4}},"1":{"start":{"line":53,"column":30},"end":{"line":59,"column":7}},"2":{"start":{"line":67,"column":2},"end":{"line":71,"column":4}},"3":{"start":{"line":68,"column":57},"end":{"line":68,"column":103}},"4":{"start":{"line":75,"column":2},"end":{"line":75,"column":86}},"5":{"start":{"line":89,"column":2},"end":{"line":98,"column":4}},"6":{"start":{"line":102,"column":2},"end":{"line":110,"column":4}},"7":{"start":{"line":114,"column":2},"end":{"line":118,"column":4}},"8":{"start":{"line":122,"column":2},"end":{"line":128,"column":4}},"9":{"start":{"line":132,"column":2},"end":{"line":140,"column":4}},"10":{"start":{"line":150,"column":2},"end":{"line":155,"column":4}},"11":{"start":{"line":159,"column":2},"end":{"line":163,"column":4}},"12":{"start":{"line":160,"column":57},"end":{"line":160,"column":126}},"13":{"start":{"line":167,"column":2},"end":{"line":172,"column":4}},"14":{"start":{"line":176,"column":2},"end":{"line":180,"column":4}},"15":{"start":{"line":183,"column":70},"end":{"line":192,"column":1}},"16":{"start":{"line":195,"column":19},"end":{"line":195,"column":32}},"17":{"start":{"line":196,"column":20},"end":{"line":196,"column":41}},"18":{"start":{"line":197,"column":22},"end":{"line":197,"column":34}},"19":{"start":{"line":198,"column":17},"end":{"line":198,"column":29}},"20":{"start":{"line":199,"column":26},"end":{"line":203,"column":4}},"21":{"start":{"line":200,"column":4},"end":{"line":200,"column":73}},"22":{"start":{"line":200,"column":36},"end":{"line":200,"column":73}},"23":{"start":{"line":201,"column":4},"end":{"line":201,"column":65}},"24":{"start":{"line":201,"column":32},"end":{"line":201,"column":65}},"25":{"start":{"line":202,"column":4},"end":{"line":202,"column":16}},"26":{"start":{"line":205,"column":4},"end":{"line":223,"column":11}},"27":{"start":{"line":226,"column":2},"end":{"line":252,"column":4}},"28":{"start":{"line":238,"column":27},"end":{"line":238,"column":49}},"29":{"start":{"line":239,"column":25},"end":{"line":239,"column":34}},"30":{"start":{"line":240,"column":12},"end":{"line":247,"column":14}},"31":{"start":{"line":256,"column":2},"end":{"line":261,"column":4}},"32":{"start":{"line":265,"column":2},"end":{"line":272,"column":4}},"33":{"start":{"line":275,"column":15},"end":{"line":595,"column":2}}},"fnMap":{"0":{"name":"Button","decl":{"start":{"line":48,"column":16},"end":{"line":48,"column":22}},"loc":{"start":{"line":48,"column":109},"end":{"line":64,"column":1}},"line":48},"1":{"name":"(anonymous_1)","decl":{"start":{"line":53,"column":13},"end":{"line":53,"column":14}},"loc":{"start":{"line":53,"column":30},"end":{"line":59,"column":7}},"line":53},"2":{"name":"IconButton","decl":{"start":{"line":66,"column":16},"end":{"line":66,"column":26}},"loc":{"start":{"line":66,"column":96},"end":{"line":72,"column":1}},"line":66},"3":{"name":"(anonymous_3)","decl":{"start":{"line":68,"column":40},"end":{"line":68,"column":41}},"loc":{"start":{"line":68,"column":57},"end":{"line":68,"column":103}},"line":68},"4":{"name":"Card","decl":{"start":{"line":74,"column":16},"end":{"line":74,"column":20}},"loc":{"start":{"line":74,"column":154},"end":{"line":76,"column":1}},"line":74},"5":{"name":"PageHeader","decl":{"start":{"line":78,"column":16},"end":{"line":78,"column":26}},"loc":{"start":{"line":88,"column":3},"end":{"line":99,"column":1}},"line":88},"6":{"name":"Metric","decl":{"start":{"line":101,"column":16},"end":{"line":101,"column":22}},"loc":{"start":{"line":101,"column":153},"end":{"line":111,"column":1}},"line":101},"7":{"name":"ProgressBar","decl":{"start":{"line":113,"column":16},"end":{"line":113,"column":27}},"loc":{"start":{"line":113,"column":98},"end":{"line":119,"column":1}},"line":113},"8":{"name":"MacroBars","decl":{"start":{"line":121,"column":16},"end":{"line":121,"column":25}},"loc":{"start":{"line":121,"column":94},"end":{"line":129,"column":1}},"line":121},"9":{"name":"MacroBar","decl":{"start":{"line":131,"column":9},"end":{"line":131,"column":17}},"loc":{"start":{"line":131,"column":116},"end":{"line":141,"column":1}},"line":131},"10":{"name":"Field","decl":{"start":{"line":149,"column":16},"end":{"line":149,"column":21}},"loc":{"start":{"line":149,"column":74},"end":{"line":156,"column":1}},"line":149},"11":{"name":"Chip","decl":{"start":{"line":158,"column":16},"end":{"line":158,"column":20}},"loc":{"start":{"line":158,"column":108},"end":{"line":164,"column":1}},"line":158},"12":{"name":"(anonymous_12)","decl":{"start":{"line":160,"column":40},"end":{"line":160,"column":41}},"loc":{"start":{"line":160,"column":57},"end":{"line":160,"column":126}},"line":160},"13":{"name":"SectionTitle","decl":{"start":{"line":166,"column":16},"end":{"line":166,"column":28}},"loc":{"start":{"line":166,"column":87},"end":{"line":173,"column":1}},"line":166},"14":{"name":"LoadingState","decl":{"start":{"line":175,"column":16},"end":{"line":175,"column":28}},"loc":{"start":{"line":175,"column":31},"end":{"line":181,"column":1}},"line":175},"15":{"name":"AppShell","decl":{"start":{"line":194,"column":16},"end":{"line":194,"column":24}},"loc":{"start":{"line":194,"column":95},"end":{"line":253,"column":1}},"line":194},"16":{"name":"(anonymous_16)","decl":{"start":{"line":199,"column":42},"end":{"line":199,"column":43}},"loc":{"start":{"line":199,"column":52},"end":{"line":203,"column":3}},"line":199},"17":{"name":"(anonymous_17)","decl":{"start":{"line":237,"column":31},"end":{"line":237,"column":32}},"loc":{"start":{"line":237,"column":41},"end":{"line":248,"column":11}},"line":237},"18":{"name":"TotalLine","decl":{"start":{"line":255,"column":16},"end":{"line":255,"column":25}},"loc":{"start":{"line":255,"column":78},"end":{"line":262,"column":1}},"line":255},"19":{"name":"LinkButton","decl":{"start":{"line":264,"column":16},"end":{"line":264,"column":26}},"loc":{"start":{"line":264,"column":77},"end":{"line":273,"column":1}},"line":264}},"branchMap":{"0":{"loc":{"start":{"line":48,"column":44},"end":{"line":48,"column":63}},"type":"default-arg","locations":[{"start":{"line":48,"column":54},"end":{"line":48,"column":63}}],"line":48},"1":{"loc":{"start":{"line":56,"column":8},"end":{"line":56,"column":33}},"type":"binary-expr","locations":[{"start":{"line":56,"column":8},"end":{"line":56,"column":15}},{"start":{"line":56,"column":19},"end":{"line":56,"column":33}}],"line":56},"2":{"loc":{"start":{"line":57,"column":8},"end":{"line":57,"column":35}},"type":"binary-expr","locations":[{"start":{"line":57,"column":8},"end":{"line":57,"column":16}},{"start":{"line":57,"column":20},"end":{"line":57,"column":35}}],"line":57},"3":{"loc":{"start":{"line":60,"column":7},"end":{"line":60,"column":101}},"type":"cond-expr","locations":[{"start":{"line":60,"column":14},"end":{"line":60,"column":94}},{"start":{"line":60,"column":97},"end":{"line":60,"column":101}}],"line":60},"4":{"loc":{"start":{"line":60,"column":37},"end":{"line":60,"column":90}},"type":"cond-expr","locations":[{"start":{"line":60,"column":61},"end":{"line":60,"column":73}},{"start":{"line":60,"column":76},"end":{"line":60,"column":90}}],"line":60},"5":{"loc":{"start":{"line":61,"column":39},"end":{"line":61,"column":116}},"type":"cond-expr","locations":[{"start":{"line":61,"column":63},"end":{"line":61,"column":87}},{"start":{"line":61,"column":90},"end":{"line":61,"column":116}}],"line":61},"6":{"loc":{"start":{"line":68,"column":77},"end":{"line":68,"column":102}},"type":"binary-expr","locations":[{"start":{"line":68,"column":77},"end":{"line":68,"column":84}},{"start":{"line":68,"column":88},"end":{"line":68,"column":102}}],"line":68},"7":{"loc":{"start":{"line":74,"column":33},"end":{"line":74,"column":46}},"type":"default-arg","locations":[{"start":{"line":74,"column":40},"end":{"line":74,"column":46}}],"line":74},"8":{"loc":{"start":{"line":92,"column":9},"end":{"line":92,"column":71}},"type":"cond-expr","locations":[{"start":{"line":92,"column":19},"end":{"line":92,"column":64}},{"start":{"line":92,"column":67},"end":{"line":92,"column":71}}],"line":92},"9":{"loc":{"start":{"line":94,"column":9},"end":{"line":94,"column":74}},"type":"cond-expr","locations":[{"start":{"line":94,"column":20},"end":{"line":94,"column":67}},{"start":{"line":94,"column":70},"end":{"line":94,"column":74}}],"line":94},"10":{"loc":{"start":{"line":96,"column":7},"end":{"line":96,"column":76}},"type":"cond-expr","locations":[{"start":{"line":96,"column":16},"end":{"line":96,"column":69}},{"start":{"line":96,"column":72},"end":{"line":96,"column":76}}],"line":96},"11":{"loc":{"start":{"line":101,"column":45},"end":{"line":101,"column":61}},"type":"default-arg","locations":[{"start":{"line":101,"column":52},"end":{"line":101,"column":61}}],"line":101},"12":{"loc":{"start":{"line":103,"column":16},"end":{"line":103,"column":51}},"type":"cond-expr","locations":[{"start":{"line":103,"column":37},"end":{"line":103,"column":43}},{"start":{"line":103,"column":46},"end":{"line":103,"column":51}}],"line":103},"13":{"loc":{"start":{"line":106,"column":42},"end":{"line":106,"column":82}},"type":"binary-expr","locations":[{"start":{"line":106,"column":42},"end":{"line":106,"column":60}},{"start":{"line":106,"column":64},"end":{"line":106,"column":82}}],"line":106},"14":{"loc":{"start":{"line":107,"column":9},"end":{"line":107,"column":68}},"type":"cond-expr","locations":[{"start":{"line":107,"column":16},"end":{"line":107,"column":61}},{"start":{"line":107,"column":64},"end":{"line":107,"column":68}}],"line":107},"15":{"loc":{"start":{"line":113,"column":37},"end":{"line":113,"column":59}},"type":"default-arg","locations":[{"start":{"line":113,"column":45},"end":{"line":113,"column":59}}],"line":113},"16":{"loc":{"start":{"line":160,"column":71},"end":{"line":160,"column":98}},"type":"binary-expr","locations":[{"start":{"line":160,"column":71},"end":{"line":160,"column":77}},{"start":{"line":160,"column":81},"end":{"line":160,"column":98}}],"line":160},"17":{"loc":{"start":{"line":160,"column":100},"end":{"line":160,"column":125}},"type":"binary-expr","locations":[{"start":{"line":160,"column":100},"end":{"line":160,"column":107}},{"start":{"line":160,"column":111},"end":{"line":160,"column":125}}],"line":160},"18":{"loc":{"start":{"line":161,"column":37},"end":{"line":161,"column":68}},"type":"binary-expr","locations":[{"start":{"line":161,"column":37},"end":{"line":161,"column":43}},{"start":{"line":161,"column":47},"end":{"line":161,"column":68}}],"line":161},"19":{"loc":{"start":{"line":194,"column":37},"end":{"line":194,"column":50}},"type":"default-arg","locations":[{"start":{"line":194,"column":46},"end":{"line":194,"column":50}}],"line":194},"20":{"loc":{"start":{"line":200,"column":4},"end":{"line":200,"column":73}},"type":"if","locations":[{"start":{"line":200,"column":4},"end":{"line":200,"column":73}},{"start":{},"end":{}}],"line":200},"21":{"loc":{"start":{"line":201,"column":4},"end":{"line":201,"column":65}},"type":"if","locations":[{"start":{"line":201,"column":4},"end":{"line":201,"column":65}},{"start":{},"end":{}}],"line":201},"22":{"loc":{"start":{"line":205,"column":34},"end":{"line":205,"column":62}},"type":"binary-expr","locations":[{"start":{"line":205,"column":34},"end":{"line":205,"column":40}},{"start":{"line":205,"column":44},"end":{"line":205,"column":62}}],"line":205},"23":{"loc":{"start":{"line":228,"column":7},"end":{"line":234,"column":7}},"type":"cond-expr","locations":[{"start":{"line":229,"column":8},"end":{"line":231,"column":21}},{"start":{"line":233,"column":8},"end":{"line":233,"column":15}}],"line":228},"24":{"loc":{"start":{"line":242,"column":70},"end":{"line":242,"column":100}},"type":"binary-expr","locations":[{"start":{"line":242,"column":70},"end":{"line":242,"column":76}},{"start":{"line":242,"column":80},"end":{"line":242,"column":100}}],"line":242},"25":{"loc":{"start":{"line":243,"column":41},"end":{"line":243,"column":79}},"type":"cond-expr","locations":[{"start":{"line":243,"column":50},"end":{"line":243,"column":64}},{"start":{"line":243,"column":67},"end":{"line":243,"column":79}}],"line":243},"26":{"loc":{"start":{"line":244,"column":49},"end":{"line":244,"column":80}},"type":"binary-expr","locations":[{"start":{"line":244,"column":49},"end":{"line":244,"column":55}},{"start":{"line":244,"column":59},"end":{"line":244,"column":80}}],"line":244}},"s":{"0":72,"1":72,"2":2,"3":2,"4":25,"5":1,"6":1,"7":4,"8":1,"9":3,"10":47,"11":1,"12":1,"13":1,"14":1,"15":2,"16":1,"17":1,"18":1,"19":1,"20":1,"21":8,"22":1,"23":7,"24":1,"25":6,"26":1,"27":1,"28":6,"29":6,"30":6,"31":1,"32":1,"33":2},"f":{"0":72,"1":72,"2":2,"3":2,"4":25,"5":1,"6":1,"7":4,"8":1,"9":3,"10":47,"11":1,"12":1,"13":1,"14":1,"15":1,"16":8,"17":6,"18":1,"19":1},"b":{"0":[26],"1":[72,0],"2":[72,19],"3":[23,49],"4":[0,23],"5":[26,46],"6":[2,0],"7":[24],"8":[1,0],"9":[1,0],"10":[0,1],"11":[1],"12":[0,1],"13":[1,0],"14":[1,0],"15":[1],"16":[1,1],"17":[1,0],"18":[1,1],"19":[1],"20":[1,7],"21":[1,6],"22":[1,0],"23":[1,0],"24":[6,1],"25":[1,5],"26":[6,1]},"_coverageSchema":"1a1c01bbd47fc00a2c39e90264f33305004495a9","hash":"70541f2dcd53d37482d0767c65037328e51ddf06"}
,"/mnt/ssd/Projects/caltrackr/src/constants/theme.ts": {"path":"/mnt/ssd/Projects/caltrackr/src/constants/theme.ts","statementMap":{"0":{"start":{"line":5,"column":22},"end":{"line":25,"column":10}},"1":{"start":{"line":27,"column":21},"end":{"line":33,"column":10}},"2":{"start":{"line":35,"column":23},"end":{"line":42,"column":10}},"3":{"start":{"line":44,"column":22},"end":{"line":55,"column":2}},"4":{"start":{"line":57,"column":21},"end":{"line":63,"column":1}},"5":{"start":{"line":65,"column":22},"end":{"line":68,"column":1}},"6":{"start":{"line":70,"column":30},"end":{"line":70,"column":93}},"7":{"start":{"line":70,"column":49},"end":{"line":70,"column":93}},"8":{"start":{"line":72,"column":22},"end":{"line":87,"column":10}},"9":{"start":{"line":91,"column":21},"end":{"line":96,"column":1}},"10":{"start":{"line":98,"column":23},"end":{"line":106,"column":10}},"11":{"start":{"line":108,"column":30},"end":{"line":108,"column":31}},"12":{"start":{"line":109,"column":31},"end":{"line":109,"column":46}}},"fnMap":{"0":{"name":"(anonymous_0)","decl":{"start":{"line":70,"column":30},"end":{"line":70,"column":31}},"loc":{"start":{"line":70,"column":49},"end":{"line":70,"column":93}},"line":70}},"branchMap":{},"s":{"0":2,"1":2,"2":2,"3":2,"4":2,"5":2,"6":2,"7":1,"8":2,"9":2,"10":2,"11":2,"12":2},"f":{"0":1},"b":{},"_coverageSchema":"1a1c01bbd47fc00a2c39e90264f33305004495a9","hash":"ed7c44c01b7fc906ff523a3bfb3fbe21d4f5d535"}
,"/mnt/ssd/Projects/caltrackr/src/data/defaults.ts": {"path":"/mnt/ssd/Projects/caltrackr/src/data/defaults.ts","statementMap":{"0":{"start":{"line":3,"column":24},"end":{"line":3,"column":67}},"1":{"start":{"line":3,"column":30},"end":{"line":3,"column":67}},"2":{"start":{"line":5,"column":26},"end":{"line":9,"column":1}},"3":{"start":{"line":6,"column":15},"end":{"line":6,"column":44}},"4":{"start":{"line":7,"column":2},"end":{"line":7,"column":40}},"5":{"start":{"line":8,"column":2},"end":{"line":8,"column":41}},"6":{"start":{"line":11,"column":17},"end":{"line":11,"column":66}},"7":{"start":{"line":12,"column":34},"end":{"line":12,"column":66}},"8":{"start":{"line":14,"column":30},"end":{"line":31,"column":2}},"9":{"start":{"line":14,"column":95},"end":{"line":31,"column":1}},"10":{"start":{"line":33,"column":21},"end":{"line":37,"column":1}},"11":{"start":{"line":34,"column":21},"end":{"line":34,"column":75}},"12":{"start":{"line":34,"column":45},"end":{"line":34,"column":74}},"13":{"start":{"line":35,"column":18},"end":{"line":35,"column":55}},"14":{"start":{"line":36,"column":2},"end":{"line":36,"column":61}},"15":{"start":{"line":39,"column":36},"end":{"line":79,"column":1}},"16":{"start":{"line":46,"column":2},"end":{"line":48,"column":3}},"17":{"start":{"line":47,"column":4},"end":{"line":47,"column":107}},"18":{"start":{"line":50,"column":26},"end":{"line":71,"column":4}},"19":{"start":{"line":51,"column":17},"end":{"line":51,"column":44}},"20":{"start":{"line":52,"column":18},"end":{"line":64,"column":6}},"21":{"start":{"line":53,"column":25},"end":{"line":53,"column":81}},"22":{"start":{"line":53,"column":52},"end":{"line":53,"column":80}},"23":{"start":{"line":54,"column":26},"end":{"line":54,"column":71}},"24":{"start":{"line":55,"column":21},"end":{"line":55,"column":98}},"25":{"start":{"line":57,"column":6},"end":{"line":63,"column":8}},"26":{"start":{"line":66,"column":4},"end":{"line":70,"column":6}},"27":{"start":{"line":73,"column":2},"end":{"line":78,"column":4}},"28":{"start":{"line":81,"column":33},"end":{"line":103,"column":1}},"29":{"start":{"line":82,"column":21},"end":{"line":82,"column":74}},"30":{"start":{"line":82,"column":53},"end":{"line":82,"column":72}},"31":{"start":{"line":83,"column":17},"end":{"line":83,"column":42}},"32":{"start":{"line":85,"column":2},"end":{"line":90,"column":5}},"33":{"start":{"line":86,"column":4},"end":{"line":89,"column":7}},"34":{"start":{"line":87,"column":21},"end":{"line":87,"column":118}},"35":{"start":{"line":87,"column":92},"end":{"line":87,"column":117}},"36":{"start":{"line":88,"column":6},"end":{"line":88,"column":109}},"37":{"start":{"line":88,"column":50},"end":{"line":88,"column":107}},"38":{"start":{"line":92,"column":2},"end":{"line":102,"column":4}},"39":{"start":{"line":96,"column":72},"end":{"line":101,"column":5}}},"fnMap":{"0":{"name":"(anonymous_0)","decl":{"start":{"line":3,"column":24},"end":{"line":3,"column":25}},"loc":{"start":{"line":3,"column":30},"end":{"line":3,"column":67}},"line":3},"1":{"name":"(anonymous_1)","decl":{"start":{"line":5,"column":26},"end":{"line":5,"column":27}},"loc":{"start":{"line":5,"column":61},"end":{"line":9,"column":1}},"line":5},"2":{"name":"(anonymous_2)","decl":{"start":{"line":14,"column":30},"end":{"line":14,"column":31}},"loc":{"start":{"line":14,"column":95},"end":{"line":31,"column":1}},"line":14},"3":{"name":"(anonymous_3)","decl":{"start":{"line":33,"column":21},"end":{"line":33,"column":22}},"loc":{"start":{"line":33,"column":67},"end":{"line":37,"column":1}},"line":33},"4":{"name":"(anonymous_4)","decl":{"start":{"line":34,"column":33},"end":{"line":34,"column":34}},"loc":{"start":{"line":34,"column":45},"end":{"line":34,"column":74}},"line":34},"5":{"name":"(anonymous_5)","decl":{"start":{"line":39,"column":36},"end":{"line":39,"column":37}},"loc":{"start":{"line":45,"column":17},"end":{"line":79,"column":1}},"line":45},"6":{"name":"(anonymous_6)","decl":{"start":{"line":50,"column":39},"end":{"line":50,"column":40}},"loc":{"start":{"line":50,"column":63},"end":{"line":71,"column":3}},"line":50},"7":{"name":"(anonymous_7)","decl":{"start":{"line":52,"column":32},"end":{"line":52,"column":33}},"loc":{"start":{"line":52,"column":57},"end":{"line":64,"column":5}},"line":52},"8":{"name":"(anonymous_8)","decl":{"start":{"line":53,"column":40},"end":{"line":53,"column":41}},"loc":{"start":{"line":53,"column":52},"end":{"line":53,"column":80}},"line":53},"9":{"name":"(anonymous_9)","decl":{"start":{"line":81,"column":33},"end":{"line":81,"column":34}},"loc":{"start":{"line":81,"column":88},"end":{"line":103,"column":1}},"line":81},"10":{"name":"(anonymous_10)","decl":{"start":{"line":82,"column":41},"end":{"line":82,"column":42}},"loc":{"start":{"line":82,"column":53},"end":{"line":82,"column":72}},"line":82},"11":{"name":"(anonymous_11)","decl":{"start":{"line":85,"column":20},"end":{"line":85,"column":21}},"loc":{"start":{"line":85,"column":29},"end":{"line":90,"column":3}},"line":85},"12":{"name":"(anonymous_12)","decl":{"start":{"line":86,"column":22},"end":{"line":86,"column":23}},"loc":{"start":{"line":86,"column":32},"end":{"line":89,"column":5}},"line":86},"13":{"name":"(anonymous_13)","decl":{"start":{"line":87,"column":82},"end":{"line":87,"column":83}},"loc":{"start":{"line":87,"column":92},"end":{"line":87,"column":117}},"line":87},"14":{"name":"(anonymous_14)","decl":{"start":{"line":88,"column":34},"end":{"line":88,"column":35}},"loc":{"start":{"line":88,"column":50},"end":{"line":88,"column":107}},"line":88},"15":{"name":"(anonymous_15)","decl":{"start":{"line":96,"column":44},"end":{"line":96,"column":45}},"loc":{"start":{"line":96,"column":72},"end":{"line":101,"column":5}},"line":96}},"branchMap":{"0":{"loc":{"start":{"line":14,"column":59},"end":{"line":14,"column":76}},"type":"default-arg","locations":[{"start":{"line":14,"column":66},"end":{"line":14,"column":76}}],"line":14},"1":{"loc":{"start":{"line":35,"column":18},"end":{"line":35,"column":55}},"type":"cond-expr","locations":[{"start":{"line":35,"column":38},"end":{"line":35,"column":48}},{"start":{"line":35,"column":51},"end":{"line":35,"column":55}}],"line":35},"2":{"loc":{"start":{"line":41,"column":2},"end":{"line":41,"column":27}},"type":"default-arg","locations":[{"start":{"line":41,"column":7},"end":{"line":41,"column":27}}],"line":41},"3":{"loc":{"start":{"line":42,"column":2},"end":{"line":42,"column":20}},"type":"default-arg","locations":[{"start":{"line":42,"column":10},"end":{"line":42,"column":20}}],"line":42},"4":{"loc":{"start":{"line":43,"column":2},"end":{"line":43,"column":27}},"type":"default-arg","locations":[{"start":{"line":43,"column":14},"end":{"line":43,"column":27}}],"line":43},"5":{"loc":{"start":{"line":46,"column":2},"end":{"line":48,"column":3}},"type":"if","locations":[{"start":{"line":46,"column":2},"end":{"line":48,"column":3}},{"start":{},"end":{}}],"line":46},"6":{"loc":{"start":{"line":55,"column":34},"end":{"line":55,"column":74}},"type":"cond-expr","locations":[{"start":{"line":55,"column":54},"end":{"line":55,"column":64}},{"start":{"line":55,"column":67},"end":{"line":55,"column":74}}],"line":55},"7":{"loc":{"start":{"line":87,"column":21},"end":{"line":87,"column":118}},"type":"cond-expr","locations":[{"start":{"line":87,"column":37},"end":{"line":87,"column":66}},{"start":{"line":87,"column":69},"end":{"line":87,"column":118}}],"line":87},"8":{"loc":{"start":{"line":88,"column":74},"end":{"line":88,"column":101}},"type":"binary-expr","locations":[{"start":{"line":88,"column":74},"end":{"line":88,"column":96}},{"start":{"line":88,"column":100},"end":{"line":88,"column":101}}],"line":88},"9":{"loc":{"start":{"line":99,"column":16},"end":{"line":99,"column":61}},"type":"cond-expr","locations":[{"start":{"line":99,"column":28},"end":{"line":99,"column":47}},{"start":{"line":99,"column":50},"end":{"line":99,"column":61}}],"line":99}},"s":{"0":3,"1":35,"2":3,"3":18,"4":18,"5":18,"6":3,"7":3,"8":3,"9":6,"10":3,"11":42,"12":42,"13":42,"14":42,"15":3,"16":3,"17":1,"18":2,"19":14,"20":14,"21":42,"22":126,"23":42,"24":42,"25":42,"26":14,"27":2,"28":3,"29":4,"30":15,"31":4,"32":4,"33":10,"34":24,"35":0,"36":24,"37":24,"38":4,"39":6},"f":{"0":35,"1":18,"2":6,"3":42,"4":42,"5":3,"6":14,"7":42,"8":126,"9":4,"10":15,"11":10,"12":24,"13":0,"14":24,"15":6},"b":{"0":[1],"1":[42,0],"2":[3],"3":[3],"4":[3],"5":[1,2],"6":[42,0],"7":[24,0],"8":[24,6],"9":[3,3]},"_coverageSchema":"1a1c01bbd47fc00a2c39e90264f33305004495a9","hash":"578cc022c100be00b86611eb3901b6f78de3d2ab"}
,"/mnt/ssd/Projects/caltrackr/src/lib/firebase.ts": {"path":"/mnt/ssd/Projects/caltrackr/src/lib/firebase.ts","statementMap":{"0":{"start":{"line":6,"column":23},"end":{"line":13,"column":1}},"1":{"start":{"line":15,"column":12},"end":{"line":15,"column":71}},"2":{"start":{"line":17,"column":20},"end":{"line":17,"column":32}},"3":{"start":{"line":18,"column":18},"end":{"line":18,"column":35}},"4":{"start":{"line":21,"column":2},"end":{"line":21,"column":106}},"5":{"start":{"line":22,"column":17},"end":{"line":22,"column":84}},"6":{"start":{"line":23,"column":22},"end":{"line":23,"column":94}},"7":{"start":{"line":24,"column":21},"end":{"line":24,"column":78}},"8":{"start":{"line":30,"column":0},"end":{"line":38,"column":1}},"9":{"start":{"line":31,"column":2},"end":{"line":37,"column":3}},"10":{"start":{"line":32,"column":4},"end":{"line":32,"column":95}},"11":{"start":{"line":33,"column":4},"end":{"line":33,"column":62}},"12":{"start":{"line":34,"column":4},"end":{"line":34,"column":52}},"13":{"start":{"line":36,"column":4},"end":{"line":36,"column":52}}},"fnMap":{},"branchMap":{"0":{"loc":{"start":{"line":7,"column":10},"end":{"line":7,"column":68}},"type":"binary-expr","locations":[{"start":{"line":7,"column":10},"end":{"line":7,"column":50}},{"start":{"line":7,"column":54},"end":{"line":7,"column":68}}],"line":7},"1":{"loc":{"start":{"line":8,"column":14},"end":{"line":8,"column":94}},"type":"binary-expr","locations":[{"start":{"line":8,"column":14},"end":{"line":8,"column":58}},{"start":{"line":8,"column":62},"end":{"line":8,"column":94}}],"line":8},"2":{"loc":{"start":{"line":9,"column":13},"end":{"line":9,"column":76}},"type":"binary-expr","locations":[{"start":{"line":9,"column":13},"end":{"line":9,"column":56}},{"start":{"line":9,"column":60},"end":{"line":9,"column":76}}],"line":9},"3":{"loc":{"start":{"line":10,"column":17},"end":{"line":10,"column":96}},"type":"binary-expr","locations":[{"start":{"line":10,"column":17},"end":{"line":10,"column":64}},{"start":{"line":10,"column":68},"end":{"line":10,"column":96}}],"line":10},"4":{"loc":{"start":{"line":11,"column":21},"end":{"line":11,"column":91}},"type":"binary-expr","locations":[{"start":{"line":11,"column":21},"end":{"line":11,"column":73}},{"start":{"line":11,"column":77},"end":{"line":11,"column":91}}],"line":11},"5":{"loc":{"start":{"line":12,"column":9},"end":{"line":12,"column":82}},"type":"binary-expr","locations":[{"start":{"line":12,"column":9},"end":{"line":12,"column":48}},{"start":{"line":12,"column":52},"end":{"line":12,"column":82}}],"line":12},"6":{"loc":{"start":{"line":15,"column":12},"end":{"line":15,"column":71}},"type":"cond-expr","locations":[{"start":{"line":15,"column":31},"end":{"line":15,"column":39}},{"start":{"line":15,"column":42},"end":{"line":15,"column":71}}],"line":15},"7":{"loc":{"start":{"line":21,"column":2},"end":{"line":21,"column":106}},"type":"binary-expr","locations":[{"start":{"line":21,"column":2},"end":{"line":21,"column":48}},{"start":{"line":21,"column":53},"end":{"line":21,"column":105}}],"line":21},"8":{"loc":{"start":{"line":21,"column":53},"end":{"line":21,"column":105}},"type":"cond-expr","locations":[{"start":{"line":21,"column":81},"end":{"line":21,"column":91}},{"start":{"line":21,"column":94},"end":{"line":21,"column":105}}],"line":21},"9":{"loc":{"start":{"line":22,"column":24},"end":{"line":22,"column":83}},"type":"binary-expr","locations":[{"start":{"line":22,"column":24},"end":{"line":22,"column":75}},{"start":{"line":22,"column":79},"end":{"line":22,"column":83}}],"line":22},"10":{"loc":{"start":{"line":23,"column":29},"end":{"line":23,"column":93}},"type":"binary-expr","locations":[{"start":{"line":23,"column":29},"end":{"line":23,"column":85}},{"start":{"line":23,"column":89},"end":{"line":23,"column":93}}],"line":23},"11":{"loc":{"start":{"line":30,"column":0},"end":{"line":38,"column":1}},"type":"if","locations":[{"start":{"line":30,"column":0},"end":{"line":38,"column":1}},{"start":{},"end":{}}],"line":30},"12":{"loc":{"start":{"line":30,"column":4},"end":{"line":30,"column":61}},"type":"binary-expr","locations":[{"start":{"line":30,"column":4},"end":{"line":30,"column":16}},{"start":{"line":30,"column":20},"end":{"line":30,"column":61}}],"line":30}},"s":{"0":3,"1":3,"2":3,"3":3,"4":3,"5":3,"6":3,"7":3,"8":3,"9":2,"10":2,"11":1,"12":1,"13":1},"f":{},"b":{"0":[3,3],"1":[3,3],"2":[3,3],"3":[3,3],"4":[3,3],"5":[3,3],"6":[0,3],"7":[3,3],"8":[0,3],"9":[3,3],"10":[3,3],"11":[2,1],"12":[3,2]},"_coverageSchema":"1a1c01bbd47fc00a2c39e90264f33305004495a9","hash":"eb81b6a8a03b23abc9380f8e8a6a795dc3823e31"}
,"/mnt/ssd/Projects/caltrackr/src/services/recipes.ts": {"path":"/mnt/ssd/Projects/caltrackr/src/services/recipes.ts","statementMap":{"0":{"start":{"line":89,"column":22},"end":{"line":89,"column":61}},"1":{"start":{"line":90,"column":23},"end":{"line":90,"column":81}},"2":{"start":{"line":92,"column":18},"end":{"line":92,"column":103}},"3":{"start":{"line":92,"column":38},"end":{"line":92,"column":103}},"4":{"start":{"line":94,"column":17},"end":{"line":99,"column":1}},"5":{"start":{"line":95,"column":16},"end":{"line":97,"column":3}},"6":{"start":{"line":96,"column":4},"end":{"line":96,"column":73}},"7":{"start":{"line":96,"column":25},"end":{"line":96,"column":72}},"8":{"start":{"line":98,"column":2},"end":{"line":98,"column":40}},"9":{"start":{"line":101,"column":25},"end":{"line":107,"column":1}},"10":{"start":{"line":102,"column":15},"end":{"line":102,"column":55}},"11":{"start":{"line":103,"column":2},"end":{"line":103,"column":86}},"12":{"start":{"line":103,"column":67},"end":{"line":103,"column":86}},"13":{"start":{"line":104,"column":2},"end":{"line":104,"column":75}},"14":{"start":{"line":104,"column":60},"end":{"line":104,"column":75}},"15":{"start":{"line":105,"column":2},"end":{"line":105,"column":45}},"16":{"start":{"line":105,"column":30},"end":{"line":105,"column":45}},"17":{"start":{"line":106,"column":2},"end":{"line":106,"column":18}},"18":{"start":{"line":109,"column":25},"end":{"line":115,"column":1}},"19":{"start":{"line":110,"column":15},"end":{"line":110,"column":41}},"20":{"start":{"line":111,"column":2},"end":{"line":111,"column":80}},"21":{"start":{"line":111,"column":61},"end":{"line":111,"column":80}},"22":{"start":{"line":112,"column":2},"end":{"line":112,"column":126}},"23":{"start":{"line":112,"column":111},"end":{"line":112,"column":126}},"24":{"start":{"line":113,"column":2},"end":{"line":113,"column":45}},"25":{"start":{"line":113,"column":30},"end":{"line":113,"column":45}},"26":{"start":{"line":114,"column":2},"end":{"line":114,"column":18}},"27":{"start":{"line":117,"column":18},"end":{"line":117,"column":72}},"28":{"start":{"line":117,"column":24},"end":{"line":117,"column":72}},"29":{"start":{"line":119,"column":29},"end":{"line":144,"column":1}},"30":{"start":{"line":120,"column":15},"end":{"line":120,"column":103}},"31":{"start":{"line":121,"column":14},"end":{"line":121,"column":76}},"32":{"start":{"line":121,"column":35},"end":{"line":121,"column":76}},"33":{"start":{"line":121,"column":56},"end":{"line":121,"column":75}},"34":{"start":{"line":122,"column":18},"end":{"line":126,"column":10}},"35":{"start":{"line":127,"column":16},"end":{"line":131,"column":10}},"36":{"start":{"line":132,"column":15},"end":{"line":136,"column":10}},"37":{"start":{"line":138,"column":2},"end":{"line":143,"column":4}},"38":{"start":{"line":146,"column":26},"end":{"line":152,"column":20}},"39":{"start":{"line":147,"column":2},"end":{"line":152,"column":20}},"40":{"start":{"line":148,"column":21},"end":{"line":148,"column":30}},"41":{"start":{"line":149,"column":23},"end":{"line":149,"column":66}},"42":{"start":{"line":150,"column":20},"end":{"line":150,"column":60}},"43":{"start":{"line":151,"column":4},"end":{"line":151,"column":83}},"44":{"start":{"line":154,"column":27},"end":{"line":159,"column":16}},"45":{"start":{"line":155,"column":2},"end":{"line":159,"column":16}},"46":{"start":{"line":157,"column":19},"end":{"line":157,"column":49}},"47":{"start":{"line":161,"column":24},"end":{"line":186,"column":1}},"48":{"start":{"line":162,"column":22},"end":{"line":162,"column":45}},"49":{"start":{"line":163,"column":17},"end":{"line":163,"column":56}},"50":{"start":{"line":164,"column":23},"end":{"line":164,"column":47}},"51":{"start":{"line":166,"column":2},"end":{"line":185,"column":4}},"52":{"start":{"line":188,"column":29},"end":{"line":225,"column":1}},"53":{"start":{"line":189,"column":22},"end":{"line":192,"column":17}},"54":{"start":{"line":190,"column":25},"end":{"line":190,"column":69}},"55":{"start":{"line":194,"column":4},"end":{"line":194,"column":136}},"56":{"start":{"line":194,"column":58},"end":{"line":194,"column":113}},"57":{"start":{"line":194,"column":91},"end":{"line":194,"column":106}},"58":{"start":{"line":195,"column":19},"end":{"line":195,"column":49}},"59":{"start":{"line":197,"column":2},"end":{"line":224,"column":4}},"60":{"start":{"line":228,"column":17},"end":{"line":234,"column":4}},"61":{"start":{"line":235,"column":25},"end":{"line":235,"column":114}},"62":{"start":{"line":236,"column":2},"end":{"line":238,"column":3}},"63":{"start":{"line":237,"column":4},"end":{"line":237,"column":87}},"64":{"start":{"line":240,"column":28},"end":{"line":240,"column":96}},"65":{"start":{"line":241,"column":14},"end":{"line":241,"column":70}},"66":{"start":{"line":241,"column":46},"end":{"line":241,"column":53}},"67":{"start":{"line":242,"column":2},"end":{"line":242,"column":29}},"68":{"start":{"line":242,"column":19},"end":{"line":242,"column":29}},"69":{"start":{"line":244,"column":23},"end":{"line":248,"column":4}},"70":{"start":{"line":249,"column":25},"end":{"line":249,"column":118}},"71":{"start":{"line":250,"column":2},"end":{"line":252,"column":3}},"72":{"start":{"line":251,"column":4},"end":{"line":251,"column":84}},"73":{"start":{"line":254,"column":18},"end":{"line":254,"column":70}},"74":{"start":{"line":255,"column":21},"end":{"line":255,"column":68}},"75":{"start":{"line":255,"column":51},"end":{"line":255,"column":66}},"76":{"start":{"line":257,"column":2},"end":{"line":276,"column":33}},"77":{"start":{"line":259,"column":21},"end":{"line":259,"column":45}},"78":{"start":{"line":260,"column":6},"end":{"line":260,"column":31}},"79":{"start":{"line":260,"column":19},"end":{"line":260,"column":31}},"80":{"start":{"line":261,"column":21},"end":{"line":264,"column":8}},"81":{"start":{"line":265,"column":19},"end":{"line":265,"column":111}},"82":{"start":{"line":265,"column":56},"end":{"line":265,"column":88}},"83":{"start":{"line":266,"column":21},"end":{"line":266,"column":127}},"84":{"start":{"line":266,"column":60},"end":{"line":266,"column":92}},"85":{"start":{"line":268,"column":6},"end":{"line":274,"column":25}},"86":{"start":{"line":280,"column":19},"end":{"line":280,"column":104}},"87":{"start":{"line":281,"column":2},"end":{"line":283,"column":3}},"88":{"start":{"line":282,"column":4},"end":{"line":282,"column":68}},"89":{"start":{"line":285,"column":18},"end":{"line":285,"column":64}},"90":{"start":{"line":286,"column":2},"end":{"line":286,"column":36}},"91":{"start":{"line":290,"column":17},"end":{"line":290,"column":60}},"92":{"start":{"line":291,"column":2},"end":{"line":291,"column":27}},"93":{"start":{"line":291,"column":15},"end":{"line":291,"column":27}},"94":{"start":{"line":293,"column":17},"end":{"line":296,"column":4}},"95":{"start":{"line":297,"column":19},"end":{"line":297,"column":128}},"96":{"start":{"line":298,"column":2},"end":{"line":300,"column":3}},"97":{"start":{"line":299,"column":4},"end":{"line":299,"column":78}},"98":{"start":{"line":302,"column":2},"end":{"line":302,"column":54}},"99":{"start":{"line":341,"column":19},"end":{"line":341,"column":114}},"100":{"start":{"line":342,"column":2},"end":{"line":344,"column":3}},"101":{"start":{"line":343,"column":4},"end":{"line":343,"column":75}},"102":{"start":{"line":346,"column":18},"end":{"line":346,"column":64}},"103":{"start":{"line":347,"column":2},"end":{"line":347,"column":69}},"104":{"start":{"line":355,"column":28},"end":{"line":358,"column":16}},"105":{"start":{"line":356,"column":19},"end":{"line":356,"column":30}},"106":{"start":{"line":359,"column":2},"end":{"line":359,"column":63}},"107":{"start":{"line":359,"column":51},"end":{"line":359,"column":63}},"108":{"start":{"line":361,"column":18},"end":{"line":363,"column":52}},"109":{"start":{"line":365,"column":2},"end":{"line":368,"column":4}},"110":{"start":{"line":372,"column":17},"end":{"line":379,"column":4}},"111":{"start":{"line":381,"column":2},"end":{"line":383,"column":3}},"112":{"start":{"line":382,"column":4},"end":{"line":382,"column":60}},"113":{"start":{"line":384,"column":2},"end":{"line":386,"column":3}},"114":{"start":{"line":385,"column":4},"end":{"line":385,"column":38}},"115":{"start":{"line":388,"column":19},"end":{"line":388,"column":104}},"116":{"start":{"line":389,"column":2},"end":{"line":391,"column":3}},"117":{"start":{"line":390,"column":4},"end":{"line":390,"column":77}},"118":{"start":{"line":393,"column":18},"end":{"line":393,"column":63}},"119":{"start":{"line":394,"column":2},"end":{"line":394,"column":59}},"120":{"start":{"line":402,"column":17},"end":{"line":402,"column":60}},"121":{"start":{"line":403,"column":2},"end":{"line":403,"column":27}},"122":{"start":{"line":403,"column":15},"end":{"line":403,"column":27}},"123":{"start":{"line":405,"column":28},"end":{"line":408,"column":16}},"124":{"start":{"line":406,"column":19},"end":{"line":406,"column":30}},"125":{"start":{"line":409,"column":2},"end":{"line":409,"column":63}},"126":{"start":{"line":409,"column":51},"end":{"line":409,"column":63}},"127":{"start":{"line":411,"column":18},"end":{"line":413,"column":73}},"128":{"start":{"line":415,"column":2},"end":{"line":418,"column":4}},"129":{"start":{"line":422,"column":44},"end":{"line":425,"column":4}},"130":{"start":{"line":426,"column":18},"end":{"line":429,"column":90}},"131":{"start":{"line":427,"column":89},"end":{"line":427,"column":118}},"132":{"start":{"line":428,"column":21},"end":{"line":428,"column":33}},"133":{"start":{"line":429,"column":58},"end":{"line":429,"column":89}},"134":{"start":{"line":431,"column":2},"end":{"line":440,"column":3}},"135":{"start":{"line":432,"column":23},"end":{"line":434,"column":5}},"136":{"start":{"line":433,"column":51},"end":{"line":433,"column":79}},"137":{"start":{"line":439,"column":4},"end":{"line":439,"column":16}},"138":{"start":{"line":442,"column":18},"end":{"line":444,"column":3}},"139":{"start":{"line":443,"column":40},"end":{"line":443,"column":54}},"140":{"start":{"line":443,"column":72},"end":{"line":443,"column":91}},"141":{"start":{"line":445,"column":17},"end":{"line":445,"column":67}},"142":{"start":{"line":445,"column":41},"end":{"line":445,"column":54}},"143":{"start":{"line":447,"column":2},"end":{"line":450,"column":4}},"144":{"start":{"line":454,"column":2},"end":{"line":457,"column":3}},"145":{"start":{"line":455,"column":17},"end":{"line":455,"column":69}},"146":{"start":{"line":456,"column":4},"end":{"line":456,"column":47}},"147":{"start":{"line":459,"column":2},"end":{"line":462,"column":3}},"148":{"start":{"line":460,"column":19},"end":{"line":460,"column":80}},"149":{"start":{"line":461,"column":4},"end":{"line":461,"column":56}},"150":{"start":{"line":464,"column":2},"end":{"line":464,"column":14}},"151":{"start":{"line":468,"column":2},"end":{"line":470,"column":3}},"152":{"start":{"line":469,"column":4},"end":{"line":469,"column":44}},"153":{"start":{"line":472,"column":2},"end":{"line":478,"column":3}},"154":{"start":{"line":473,"column":25},"end":{"line":473,"column":58}},"155":{"start":{"line":474,"column":4},"end":{"line":474,"column":58}},"156":{"start":{"line":474,"column":38},"end":{"line":474,"column":58}},"157":{"start":{"line":485,"column":2},"end":{"line":485,"column":14}}},"fnMap":{"0":{"name":"(anonymous_0)","decl":{"start":{"line":92,"column":18},"end":{"line":92,"column":19}},"loc":{"start":{"line":92,"column":38},"end":{"line":92,"column":103}},"line":92},"1":{"name":"(anonymous_1)","decl":{"start":{"line":94,"column":17},"end":{"line":94,"column":18}},"loc":{"start":{"line":94,"column":65},"end":{"line":99,"column":1}},"line":94},"2":{"name":"(anonymous_2)","decl":{"start":{"line":95,"column":50},"end":{"line":95,"column":51}},"loc":{"start":{"line":96,"column":4},"end":{"line":96,"column":73}},"line":96},"3":{"name":"(anonymous_3)","decl":{"start":{"line":96,"column":15},"end":{"line":96,"column":16}},"loc":{"start":{"line":96,"column":25},"end":{"line":96,"column":72}},"line":96},"4":{"name":"(anonymous_4)","decl":{"start":{"line":101,"column":25},"end":{"line":101,"column":26}},"loc":{"start":{"line":101,"column":61},"end":{"line":107,"column":1}},"line":101},"5":{"name":"(anonymous_5)","decl":{"start":{"line":109,"column":25},"end":{"line":109,"column":26}},"loc":{"start":{"line":109,"column":55},"end":{"line":115,"column":1}},"line":109},"6":{"name":"(anonymous_6)","decl":{"start":{"line":117,"column":18},"end":{"line":117,"column":19}},"loc":{"start":{"line":117,"column":24},"end":{"line":117,"column":72}},"line":117},"7":{"name":"(anonymous_7)","decl":{"start":{"line":119,"column":29},"end":{"line":119,"column":30}},"loc":{"start":{"line":119,"column":74},"end":{"line":144,"column":1}},"line":119},"8":{"name":"(anonymous_8)","decl":{"start":{"line":121,"column":14},"end":{"line":121,"column":15}},"loc":{"start":{"line":121,"column":35},"end":{"line":121,"column":76}},"line":121},"9":{"name":"(anonymous_9)","decl":{"start":{"line":121,"column":46},"end":{"line":121,"column":47}},"loc":{"start":{"line":121,"column":56},"end":{"line":121,"column":75}},"line":121},"10":{"name":"(anonymous_10)","decl":{"start":{"line":146,"column":26},"end":{"line":146,"column":27}},"loc":{"start":{"line":147,"column":2},"end":{"line":152,"column":20}},"line":147},"11":{"name":"(anonymous_11)","decl":{"start":{"line":147,"column":29},"end":{"line":147,"column":30}},"loc":{"start":{"line":147,"column":43},"end":{"line":152,"column":3}},"line":147},"12":{"name":"(anonymous_12)","decl":{"start":{"line":154,"column":27},"end":{"line":154,"column":28}},"loc":{"start":{"line":155,"column":2},"end":{"line":159,"column":16}},"line":155},"13":{"name":"(anonymous_13)","decl":{"start":{"line":157,"column":9},"end":{"line":157,"column":10}},"loc":{"start":{"line":157,"column":19},"end":{"line":157,"column":49}},"line":157},"14":{"name":"(anonymous_14)","decl":{"start":{"line":161,"column":24},"end":{"line":161,"column":25}},"loc":{"start":{"line":161,"column":54},"end":{"line":186,"column":1}},"line":161},"15":{"name":"(anonymous_15)","decl":{"start":{"line":188,"column":29},"end":{"line":188,"column":30}},"loc":{"start":{"line":188,"column":68},"end":{"line":225,"column":1}},"line":188},"16":{"name":"(anonymous_16)","decl":{"start":{"line":190,"column":9},"end":{"line":190,"column":10}},"loc":{"start":{"line":190,"column":25},"end":{"line":190,"column":69}},"line":190},"17":{"name":"(anonymous_17)","decl":{"start":{"line":194,"column":41},"end":{"line":194,"column":42}},"loc":{"start":{"line":194,"column":58},"end":{"line":194,"column":113}},"line":194},"18":{"name":"(anonymous_18)","decl":{"start":{"line":194,"column":81},"end":{"line":194,"column":82}},"loc":{"start":{"line":194,"column":91},"end":{"line":194,"column":106}},"line":194},"19":{"name":"searchByIngredients","decl":{"start":{"line":227,"column":15},"end":{"line":227,"column":34}},"loc":{"start":{"line":227,"column":90},"end":{"line":277,"column":1}},"line":227},"20":{"name":"(anonymous_20)","decl":{"start":{"line":241,"column":36},"end":{"line":241,"column":37}},"loc":{"start":{"line":241,"column":46},"end":{"line":241,"column":53}},"line":241},"21":{"name":"(anonymous_21)","decl":{"start":{"line":255,"column":41},"end":{"line":255,"column":42}},"loc":{"start":{"line":255,"column":51},"end":{"line":255,"column":66}},"line":255},"22":{"name":"(anonymous_22)","decl":{"start":{"line":258,"column":9},"end":{"line":258,"column":10}},"loc":{"start":{"line":258,"column":20},"end":{"line":275,"column":5}},"line":258},"23":{"name":"(anonymous_23)","decl":{"start":{"line":265,"column":46},"end":{"line":265,"column":47}},"loc":{"start":{"line":265,"column":56},"end":{"line":265,"column":88}},"line":265},"24":{"name":"(anonymous_24)","decl":{"start":{"line":266,"column":50},"end":{"line":266,"column":51}},"loc":{"start":{"line":266,"column":60},"end":{"line":266,"column":92}},"line":266},"25":{"name":"lookupMealDbMeal","decl":{"start":{"line":279,"column":15},"end":{"line":279,"column":31}},"loc":{"start":{"line":279,"column":44},"end":{"line":287,"column":1}},"line":279},"26":{"name":"lookupSpoonacularRecipe","decl":{"start":{"line":289,"column":15},"end":{"line":289,"column":38}},"loc":{"start":{"line":289,"column":51},"end":{"line":303,"column":1}},"line":289},"27":{"name":"searchMealDbByQuery","decl":{"start":{"line":340,"column":15},"end":{"line":340,"column":34}},"loc":{"start":{"line":340,"column":66},"end":{"line":348,"column":1}},"line":340},"28":{"name":"searchMealDbRecipes","decl":{"start":{"line":350,"column":22},"end":{"line":350,"column":41}},"loc":{"start":{"line":354,"column":63},"end":{"line":369,"column":1}},"line":354},"29":{"name":"(anonymous_29)","decl":{"start":{"line":356,"column":9},"end":{"line":356,"column":10}},"loc":{"start":{"line":356,"column":19},"end":{"line":356,"column":30}},"line":356},"30":{"name":"searchByQuery","decl":{"start":{"line":371,"column":15},"end":{"line":371,"column":28}},"loc":{"start":{"line":371,"column":99},"end":{"line":395,"column":1}},"line":371},"31":{"name":"searchSpoonacularRecipes","decl":{"start":{"line":397,"column":22},"end":{"line":397,"column":46}},"loc":{"start":{"line":401,"column":63},"end":{"line":419,"column":1}},"line":401},"32":{"name":"(anonymous_32)","decl":{"start":{"line":406,"column":9},"end":{"line":406,"column":10}},"loc":{"start":{"line":406,"column":19},"end":{"line":406,"column":30}},"line":406},"33":{"name":"searchMealDbAndSpoonacularRecipes","decl":{"start":{"line":421,"column":22},"end":{"line":421,"column":55}},"loc":{"start":{"line":421,"column":124},"end":{"line":451,"column":1}},"line":421},"34":{"name":"(anonymous_34)","decl":{"start":{"line":427,"column":12},"end":{"line":427,"column":13}},"loc":{"start":{"line":427,"column":89},"end":{"line":427,"column":118}},"line":427},"35":{"name":"(anonymous_35)","decl":{"start":{"line":428,"column":9},"end":{"line":428,"column":10}},"loc":{"start":{"line":428,"column":21},"end":{"line":428,"column":33}},"line":428},"36":{"name":"(anonymous_36)","decl":{"start":{"line":429,"column":12},"end":{"line":429,"column":13}},"loc":{"start":{"line":429,"column":58},"end":{"line":429,"column":89}},"line":429},"37":{"name":"(anonymous_37)","decl":{"start":{"line":433,"column":6},"end":{"line":433,"column":7}},"loc":{"start":{"line":433,"column":51},"end":{"line":433,"column":79}},"line":433},"38":{"name":"(anonymous_38)","decl":{"start":{"line":443,"column":28},"end":{"line":443,"column":29}},"loc":{"start":{"line":443,"column":40},"end":{"line":443,"column":54}},"line":443},"39":{"name":"(anonymous_39)","decl":{"start":{"line":443,"column":60},"end":{"line":443,"column":61}},"loc":{"start":{"line":443,"column":72},"end":{"line":443,"column":91}},"line":443},"40":{"name":"(anonymous_40)","decl":{"start":{"line":445,"column":29},"end":{"line":445,"column":30}},"loc":{"start":{"line":445,"column":41},"end":{"line":445,"column":54}},"line":445},"41":{"name":"getExternalRecipeById","decl":{"start":{"line":453,"column":22},"end":{"line":453,"column":43}},"loc":{"start":{"line":453,"column":80},"end":{"line":465,"column":1}},"line":453},"42":{"name":"searchExternalRecipes","decl":{"start":{"line":467,"column":22},"end":{"line":467,"column":43}},"loc":{"start":{"line":467,"column":112},"end":{"line":486,"column":1}},"line":467}},"branchMap":{"0":{"loc":{"start":{"line":90,"column":23},"end":{"line":90,"column":81}},"type":"binary-expr","locations":[{"start":{"line":90,"column":23},"end":{"line":90,"column":66}},{"start":{"line":90,"column":70},"end":{"line":90,"column":81}}],"line":90},"1":{"loc":{"start":{"line":92,"column":39},"end":{"line":92,"column":50}},"type":"binary-expr","locations":[{"start":{"line":92,"column":39},"end":{"line":92,"column":44}},{"start":{"line":92,"column":48},"end":{"line":92,"column":50}}],"line":92},"2":{"loc":{"start":{"line":98,"column":20},"end":{"line":98,"column":38}},"type":"binary-expr","locations":[{"start":{"line":98,"column":20},"end":{"line":98,"column":33}},{"start":{"line":98,"column":37},"end":{"line":98,"column":38}}],"line":98},"3":{"loc":{"start":{"line":102,"column":15},"end":{"line":102,"column":55}},"type":"binary-expr","locations":[{"start":{"line":102,"column":15},"end":{"line":102,"column":49}},{"start":{"line":102,"column":53},"end":{"line":102,"column":55}}],"line":102},"4":{"loc":{"start":{"line":103,"column":2},"end":{"line":103,"column":86}},"type":"if","locations":[{"start":{"line":103,"column":2},"end":{"line":103,"column":86}},{"start":{},"end":{}}],"line":103},"5":{"loc":{"start":{"line":103,"column":6},"end":{"line":103,"column":65}},"type":"binary-expr","locations":[{"start":{"line":103,"column":6},"end":{"line":103,"column":32}},{"start":{"line":103,"column":36},"end":{"line":103,"column":65}}],"line":103},"6":{"loc":{"start":{"line":104,"column":2},"end":{"line":104,"column":75}},"type":"if","locations":[{"start":{"line":104,"column":2},"end":{"line":104,"column":75}},{"start":{},"end":{}}],"line":104},"7":{"loc":{"start":{"line":104,"column":6},"end":{"line":104,"column":58}},"type":"binary-expr","locations":[{"start":{"line":104,"column":6},"end":{"line":104,"column":28}},{"start":{"line":104,"column":32},"end":{"line":104,"column":58}}],"line":104},"8":{"loc":{"start":{"line":105,"column":2},"end":{"line":105,"column":45}},"type":"if","locations":[{"start":{"line":105,"column":2},"end":{"line":105,"column":45}},{"start":{},"end":{}}],"line":105},"9":{"loc":{"start":{"line":110,"column":15},"end":{"line":110,"column":41}},"type":"binary-expr","locations":[{"start":{"line":110,"column":15},"end":{"line":110,"column":35}},{"start":{"line":110,"column":39},"end":{"line":110,"column":41}}],"line":110},"10":{"loc":{"start":{"line":111,"column":2},"end":{"line":111,"column":80}},"type":"if","locations":[{"start":{"line":111,"column":2},"end":{"line":111,"column":80}},{"start":{},"end":{}}],"line":111},"11":{"loc":{"start":{"line":111,"column":6},"end":{"line":111,"column":59}},"type":"binary-expr","locations":[{"start":{"line":111,"column":6},"end":{"line":111,"column":32}},{"start":{"line":111,"column":36},"end":{"line":111,"column":59}}],"line":111},"12":{"loc":{"start":{"line":112,"column":2},"end":{"line":112,"column":126}},"type":"if","locations":[{"start":{"line":112,"column":2},"end":{"line":112,"column":126}},{"start":{},"end":{}}],"line":112},"13":{"loc":{"start":{"line":112,"column":6},"end":{"line":112,"column":109}},"type":"binary-expr","locations":[{"start":{"line":112,"column":6},"end":{"line":112,"column":30}},{"start":{"line":112,"column":34},"end":{"line":112,"column":55}},{"start":{"line":112,"column":59},"end":{"line":112,"column":83}},{"start":{"line":112,"column":87},"end":{"line":112,"column":109}}],"line":112},"14":{"loc":{"start":{"line":113,"column":2},"end":{"line":113,"column":45}},"type":"if","locations":[{"start":{"line":113,"column":2},"end":{"line":113,"column":45}},{"start":{},"end":{}}],"line":113},"15":{"loc":{"start":{"line":117,"column":24},"end":{"line":117,"column":72}},"type":"binary-expr","locations":[{"start":{"line":117,"column":24},"end":{"line":117,"column":65}},{"start":{"line":117,"column":69},"end":{"line":117,"column":72}}],"line":117},"16":{"loc":{"start":{"line":120,"column":18},"end":{"line":120,"column":36}},"type":"binary-expr","locations":[{"start":{"line":120,"column":18},"end":{"line":120,"column":30}},{"start":{"line":120,"column":34},"end":{"line":120,"column":36}}],"line":120},"17":{"loc":{"start":{"line":120,"column":40},"end":{"line":120,"column":62}},"type":"binary-expr","locations":[{"start":{"line":120,"column":40},"end":{"line":120,"column":56}},{"start":{"line":120,"column":60},"end":{"line":120,"column":62}}],"line":120},"18":{"loc":{"start":{"line":122,"column":18},"end":{"line":126,"column":10}},"type":"cond-expr","locations":[{"start":{"line":123,"column":6},"end":{"line":123,"column":8}},{"start":{"line":124,"column":6},"end":{"line":126,"column":10}}],"line":122},"19":{"loc":{"start":{"line":124,"column":6},"end":{"line":126,"column":10}},"type":"cond-expr","locations":[{"start":{"line":125,"column":8},"end":{"line":125,"column":10}},{"start":{"line":126,"column":8},"end":{"line":126,"column":10}}],"line":124},"20":{"loc":{"start":{"line":127,"column":16},"end":{"line":131,"column":10}},"type":"cond-expr","locations":[{"start":{"line":128,"column":6},"end":{"line":128,"column":8}},{"start":{"line":129,"column":6},"end":{"line":131,"column":10}}],"line":127},"21":{"loc":{"start":{"line":129,"column":6},"end":{"line":131,"column":10}},"type":"cond-expr","locations":[{"start":{"line":130,"column":8},"end":{"line":130,"column":10}},{"start":{"line":131,"column":8},"end":{"line":131,"column":10}}],"line":129},"22":{"loc":{"start":{"line":132,"column":15},"end":{"line":136,"column":10}},"type":"cond-expr","locations":[{"start":{"line":133,"column":6},"end":{"line":133,"column":8}},{"start":{"line":134,"column":6},"end":{"line":136,"column":10}}],"line":132},"23":{"loc":{"start":{"line":134,"column":6},"end":{"line":136,"column":10}},"type":"cond-expr","locations":[{"start":{"line":135,"column":8},"end":{"line":135,"column":10}},{"start":{"line":136,"column":8},"end":{"line":136,"column":10}}],"line":134},"24":{"loc":{"start":{"line":151,"column":11},"end":{"line":151,"column":82}},"type":"cond-expr","locations":[{"start":{"line":151,"column":24},"end":{"line":151,"column":77}},{"start":{"line":151,"column":80},"end":{"line":151,"column":82}}],"line":151},"25":{"loc":{"start":{"line":151,"column":27},"end":{"line":151,"column":55}},"type":"cond-expr","locations":[{"start":{"line":151,"column":37},"end":{"line":151,"column":50}},{"start":{"line":151,"column":53},"end":{"line":151,"column":55}}],"line":151},"26":{"loc":{"start":{"line":168,"column":11},"end":{"line":168,"column":56}},"type":"binary-expr","locations":[{"start":{"line":168,"column":11},"end":{"line":168,"column":34}},{"start":{"line":168,"column":38},"end":{"line":168,"column":56}}],"line":168},"27":{"loc":{"start":{"line":169,"column":16},"end":{"line":169,"column":58}},"type":"binary-expr","locations":[{"start":{"line":169,"column":16},"end":{"line":169,"column":39}},{"start":{"line":169,"column":43},"end":{"line":169,"column":58}}],"line":169},"28":{"loc":{"start":{"line":169,"column":62},"end":{"line":169,"column":99}},"type":"binary-expr","locations":[{"start":{"line":169,"column":62},"end":{"line":169,"column":89}},{"start":{"line":169,"column":93},"end":{"line":169,"column":99}}],"line":169},"29":{"loc":{"start":{"line":180,"column":14},"end":{"line":180,"column":44}},"type":"binary-expr","locations":[{"start":{"line":180,"column":14},"end":{"line":180,"column":31}},{"start":{"line":180,"column":35},"end":{"line":180,"column":44}}],"line":180},"30":{"loc":{"start":{"line":181,"column":18},"end":{"line":181,"column":157}},"type":"cond-expr","locations":[{"start":{"line":181,"column":40},"end":{"line":181,"column":52}},{"start":{"line":181,"column":55},"end":{"line":181,"column":157}}],"line":181},"31":{"loc":{"start":{"line":184,"column":15},"end":{"line":184,"column":88}},"type":"cond-expr","locations":[{"start":{"line":184,"column":29},"end":{"line":184,"column":76}},{"start":{"line":184,"column":79},"end":{"line":184,"column":88}}],"line":184},"32":{"loc":{"start":{"line":189,"column":23},"end":{"line":189,"column":55}},"type":"binary-expr","locations":[{"start":{"line":189,"column":23},"end":{"line":189,"column":49}},{"start":{"line":189,"column":53},"end":{"line":189,"column":55}}],"line":189},"33":{"loc":{"start":{"line":190,"column":25},"end":{"line":190,"column":69}},"type":"binary-expr","locations":[{"start":{"line":190,"column":25},"end":{"line":190,"column":40}},{"start":{"line":190,"column":44},"end":{"line":190,"column":63}},{"start":{"line":190,"column":67},"end":{"line":190,"column":69}}],"line":190},"34":{"loc":{"start":{"line":194,"column":4},"end":{"line":194,"column":136}},"type":"binary-expr","locations":[{"start":{"line":194,"column":4},"end":{"line":194,"column":130}},{"start":{"line":194,"column":134},"end":{"line":194,"column":136}}],"line":194},"35":{"loc":{"start":{"line":194,"column":58},"end":{"line":194,"column":113}},"type":"binary-expr","locations":[{"start":{"line":194,"column":58},"end":{"line":194,"column":107}},{"start":{"line":194,"column":111},"end":{"line":194,"column":113}}],"line":194},"36":{"loc":{"start":{"line":194,"column":91},"end":{"line":194,"column":106}},"type":"binary-expr","locations":[{"start":{"line":194,"column":91},"end":{"line":194,"column":100}},{"start":{"line":194,"column":104},"end":{"line":194,"column":106}}],"line":194},"37":{"loc":{"start":{"line":201,"column":6},"end":{"line":202,"column":114}},"type":"binary-expr","locations":[{"start":{"line":201,"column":6},"end":{"line":201,"column":31}},{"start":{"line":202,"column":6},"end":{"line":202,"column":114}}],"line":201},"38":{"loc":{"start":{"line":202,"column":39},"end":{"line":202,"column":111}},"type":"binary-expr","locations":[{"start":{"line":202,"column":39},"end":{"line":202,"column":73}},{"start":{"line":202,"column":77},"end":{"line":202,"column":111}}],"line":202},"39":{"loc":{"start":{"line":210,"column":17},"end":{"line":210,"column":44}},"type":"binary-expr","locations":[{"start":{"line":210,"column":17},"end":{"line":210,"column":38}},{"start":{"line":210,"column":42},"end":{"line":210,"column":44}}],"line":210},"40":{"loc":{"start":{"line":213,"column":14},"end":{"line":213,"column":39}},"type":"binary-expr","locations":[{"start":{"line":213,"column":14},"end":{"line":213,"column":26}},{"start":{"line":213,"column":30},"end":{"line":213,"column":39}}],"line":213},"41":{"loc":{"start":{"line":214,"column":18},"end":{"line":216,"column":114}},"type":"cond-expr","locations":[{"start":{"line":215,"column":8},"end":{"line":215,"column":32}},{"start":{"line":216,"column":8},"end":{"line":216,"column":114}}],"line":214},"42":{"loc":{"start":{"line":219,"column":10},"end":{"line":219,"column":44}},"type":"binary-expr","locations":[{"start":{"line":219,"column":10},"end":{"line":219,"column":38}},{"start":{"line":219,"column":42},"end":{"line":219,"column":44}}],"line":219},"43":{"loc":{"start":{"line":220,"column":10},"end":{"line":220,"column":41}},"type":"binary-expr","locations":[{"start":{"line":220,"column":10},"end":{"line":220,"column":35}},{"start":{"line":220,"column":39},"end":{"line":220,"column":41}}],"line":220},"44":{"loc":{"start":{"line":236,"column":2},"end":{"line":238,"column":3}},"type":"if","locations":[{"start":{"line":236,"column":2},"end":{"line":238,"column":3}},{"start":{},"end":{}}],"line":236},"45":{"loc":{"start":{"line":242,"column":2},"end":{"line":242,"column":29}},"type":"if","locations":[{"start":{"line":242,"column":2},"end":{"line":242,"column":29}},{"start":{},"end":{}}],"line":242},"46":{"loc":{"start":{"line":250,"column":2},"end":{"line":252,"column":3}},"type":"if","locations":[{"start":{"line":250,"column":2},"end":{"line":252,"column":3}},{"start":{},"end":{}}],"line":250},"47":{"loc":{"start":{"line":260,"column":6},"end":{"line":260,"column":31}},"type":"if","locations":[{"start":{"line":260,"column":6},"end":{"line":260,"column":31}},{"start":{},"end":{}}],"line":260},"48":{"loc":{"start":{"line":263,"column":15},"end":{"line":263,"column":42}},"type":"binary-expr","locations":[{"start":{"line":263,"column":15},"end":{"line":263,"column":27}},{"start":{"line":263,"column":31},"end":{"line":263,"column":42}}],"line":263},"49":{"loc":{"start":{"line":265,"column":19},"end":{"line":265,"column":111}},"type":"binary-expr","locations":[{"start":{"line":265,"column":19},"end":{"line":265,"column":105}},{"start":{"line":265,"column":109},"end":{"line":265,"column":111}}],"line":265},"50":{"loc":{"start":{"line":265,"column":56},"end":{"line":265,"column":88}},"type":"binary-expr","locations":[{"start":{"line":265,"column":56},"end":{"line":265,"column":65}},{"start":{"line":265,"column":69},"end":{"line":265,"column":82}},{"start":{"line":265,"column":86},"end":{"line":265,"column":88}}],"line":265},"51":{"loc":{"start":{"line":266,"column":21},"end":{"line":266,"column":127}},"type":"binary-expr","locations":[{"start":{"line":266,"column":21},"end":{"line":266,"column":121}},{"start":{"line":266,"column":125},"end":{"line":266,"column":127}}],"line":266},"52":{"loc":{"start":{"line":266,"column":60},"end":{"line":266,"column":92}},"type":"binary-expr","locations":[{"start":{"line":266,"column":60},"end":{"line":266,"column":69}},{"start":{"line":266,"column":73},"end":{"line":266,"column":86}},{"start":{"line":266,"column":90},"end":{"line":266,"column":92}}],"line":266},"53":{"loc":{"start":{"line":270,"column":30},"end":{"line":270,"column":70}},"type":"binary-expr","locations":[{"start":{"line":270,"column":30},"end":{"line":270,"column":55}},{"start":{"line":270,"column":59},"end":{"line":270,"column":70}}],"line":270},"54":{"loc":{"start":{"line":270,"column":83},"end":{"line":270,"column":100}},"type":"binary-expr","locations":[{"start":{"line":270,"column":83},"end":{"line":270,"column":94}},{"start":{"line":270,"column":98},"end":{"line":270,"column":100}}],"line":270},"55":{"loc":{"start":{"line":272,"column":45},"end":{"line":272,"column":86}},"type":"binary-expr","locations":[{"start":{"line":272,"column":45},"end":{"line":272,"column":60}},{"start":{"line":272,"column":64},"end":{"line":272,"column":86}}],"line":272},"56":{"loc":{"start":{"line":273,"column":11},"end":{"line":273,"column":71}},"type":"cond-expr","locations":[{"start":{"line":273,"column":27},"end":{"line":273,"column":66}},{"start":{"line":273,"column":69},"end":{"line":273,"column":71}}],"line":273},"57":{"loc":{"start":{"line":281,"column":2},"end":{"line":283,"column":3}},"type":"if","locations":[{"start":{"line":281,"column":2},"end":{"line":283,"column":3}},{"start":{},"end":{}}],"line":281},"58":{"loc":{"start":{"line":286,"column":9},"end":{"line":286,"column":35}},"type":"binary-expr","locations":[{"start":{"line":286,"column":9},"end":{"line":286,"column":27}},{"start":{"line":286,"column":31},"end":{"line":286,"column":35}}],"line":286},"59":{"loc":{"start":{"line":291,"column":2},"end":{"line":291,"column":27}},"type":"if","locations":[{"start":{"line":291,"column":2},"end":{"line":291,"column":27}},{"start":{},"end":{}}],"line":291},"60":{"loc":{"start":{"line":298,"column":2},"end":{"line":300,"column":3}},"type":"if","locations":[{"start":{"line":298,"column":2},"end":{"line":300,"column":3}},{"start":{},"end":{}}],"line":298},"61":{"loc":{"start":{"line":342,"column":2},"end":{"line":344,"column":3}},"type":"if","locations":[{"start":{"line":342,"column":2},"end":{"line":344,"column":3}},{"start":{},"end":{}}],"line":342},"62":{"loc":{"start":{"line":347,"column":10},"end":{"line":347,"column":29}},"type":"binary-expr","locations":[{"start":{"line":347,"column":10},"end":{"line":347,"column":23}},{"start":{"line":347,"column":27},"end":{"line":347,"column":29}}],"line":347},"63":{"loc":{"start":{"line":353,"column":2},"end":{"line":353,"column":13}},"type":"default-arg","locations":[{"start":{"line":353,"column":11},"end":{"line":353,"column":13}}],"line":353},"64":{"loc":{"start":{"line":359,"column":2},"end":{"line":359,"column":63}},"type":"if","locations":[{"start":{"line":359,"column":2},"end":{"line":359,"column":63}},{"start":{},"end":{}}],"line":359},"65":{"loc":{"start":{"line":359,"column":6},"end":{"line":359,"column":49}},"type":"binary-expr","locations":[{"start":{"line":359,"column":6},"end":{"line":359,"column":31}},{"start":{"line":359,"column":35},"end":{"line":359,"column":49}}],"line":359},"66":{"loc":{"start":{"line":361,"column":18},"end":{"line":363,"column":52}},"type":"cond-expr","locations":[{"start":{"line":362,"column":6},"end":{"line":362,"column":64}},{"start":{"line":363,"column":6},"end":{"line":363,"column":52}}],"line":361},"67":{"loc":{"start":{"line":363,"column":32},"end":{"line":363,"column":43}},"type":"binary-expr","locations":[{"start":{"line":363,"column":32},"end":{"line":363,"column":37}},{"start":{"line":363,"column":41},"end":{"line":363,"column":43}}],"line":363},"68":{"loc":{"start":{"line":381,"column":2},"end":{"line":383,"column":3}},"type":"if","locations":[{"start":{"line":381,"column":2},"end":{"line":383,"column":3}},{"start":{},"end":{}}],"line":381},"69":{"loc":{"start":{"line":384,"column":2},"end":{"line":386,"column":3}},"type":"if","locations":[{"start":{"line":384,"column":2},"end":{"line":386,"column":3}},{"start":{},"end":{}}],"line":384},"70":{"loc":{"start":{"line":389,"column":2},"end":{"line":391,"column":3}},"type":"if","locations":[{"start":{"line":389,"column":2},"end":{"line":391,"column":3}},{"start":{},"end":{}}],"line":389},"71":{"loc":{"start":{"line":394,"column":10},"end":{"line":394,"column":31}},"type":"binary-expr","locations":[{"start":{"line":394,"column":10},"end":{"line":394,"column":25}},{"start":{"line":394,"column":29},"end":{"line":394,"column":31}}],"line":394},"72":{"loc":{"start":{"line":400,"column":2},"end":{"line":400,"column":13}},"type":"default-arg","locations":[{"start":{"line":400,"column":11},"end":{"line":400,"column":13}}],"line":400},"73":{"loc":{"start":{"line":403,"column":2},"end":{"line":403,"column":27}},"type":"if","locations":[{"start":{"line":403,"column":2},"end":{"line":403,"column":27}},{"start":{},"end":{}}],"line":403},"74":{"loc":{"start":{"line":409,"column":2},"end":{"line":409,"column":63}},"type":"if","locations":[{"start":{"line":409,"column":2},"end":{"line":409,"column":63}},{"start":{},"end":{}}],"line":409},"75":{"loc":{"start":{"line":409,"column":6},"end":{"line":409,"column":49}},"type":"binary-expr","locations":[{"start":{"line":409,"column":6},"end":{"line":409,"column":31}},{"start":{"line":409,"column":35},"end":{"line":409,"column":49}}],"line":409},"76":{"loc":{"start":{"line":411,"column":18},"end":{"line":413,"column":73}},"type":"cond-expr","locations":[{"start":{"line":412,"column":6},"end":{"line":412,"column":66}},{"start":{"line":413,"column":6},"end":{"line":413,"column":73}}],"line":411},"77":{"loc":{"start":{"line":413,"column":34},"end":{"line":413,"column":45}},"type":"binary-expr","locations":[{"start":{"line":413,"column":34},"end":{"line":413,"column":39}},{"start":{"line":413,"column":43},"end":{"line":413,"column":45}}],"line":413},"78":{"loc":{"start":{"line":431,"column":2},"end":{"line":440,"column":3}},"type":"if","locations":[{"start":{"line":431,"column":2},"end":{"line":440,"column":3}},{"start":{},"end":{}}],"line":431},"79":{"loc":{"start":{"line":454,"column":2},"end":{"line":457,"column":3}},"type":"if","locations":[{"start":{"line":454,"column":2},"end":{"line":457,"column":3}},{"start":{},"end":{}}],"line":454},"80":{"loc":{"start":{"line":456,"column":11},"end":{"line":456,"column":46}},"type":"cond-expr","locations":[{"start":{"line":456,"column":18},"end":{"line":456,"column":39}},{"start":{"line":456,"column":42},"end":{"line":456,"column":46}}],"line":456},"81":{"loc":{"start":{"line":459,"column":2},"end":{"line":462,"column":3}},"type":"if","locations":[{"start":{"line":459,"column":2},"end":{"line":462,"column":3}},{"start":{},"end":{}}],"line":459},"82":{"loc":{"start":{"line":461,"column":11},"end":{"line":461,"column":55}},"type":"cond-expr","locations":[{"start":{"line":461,"column":20},"end":{"line":461,"column":48}},{"start":{"line":461,"column":51},"end":{"line":461,"column":55}}],"line":461},"83":{"loc":{"start":{"line":468,"column":2},"end":{"line":470,"column":3}},"type":"if","locations":[{"start":{"line":468,"column":2},"end":{"line":470,"column":3}},{"start":{},"end":{}}],"line":468},"84":{"loc":{"start":{"line":474,"column":4},"end":{"line":474,"column":58}},"type":"if","locations":[{"start":{"line":474,"column":4},"end":{"line":474,"column":58}},{"start":{},"end":{}}],"line":474}},"s":{"0":2,"1":2,"2":2,"3":189,"4":2,"5":20,"6":4,"7":4,"8":20,"9":2,"10":5,"11":5,"12":0,"13":5,"14":0,"15":5,"16":0,"17":5,"18":2,"19":4,"20":4,"21":0,"22":4,"23":0,"24":4,"25":0,"26":4,"27":2,"28":8,"29":2,"30":4,"31":4,"32":22,"33":106,"34":4,"35":4,"36":4,"37":4,"38":2,"39":4,"40":80,"41":80,"42":80,"43":80,"44":2,"45":4,"46":4,"47":2,"48":4,"49":4,"50":4,"51":4,"52":2,"53":5,"54":0,"55":5,"56":0,"57":0,"58":5,"59":5,"60":1,"61":1,"62":1,"63":0,"64":1,"65":1,"66":1,"67":1,"68":0,"69":1,"70":1,"71":1,"72":0,"73":1,"74":1,"75":1,"76":1,"77":1,"78":1,"79":0,"80":1,"81":1,"82":0,"83":1,"84":0,"85":1,"86":2,"87":2,"88":0,"89":2,"90":2,"91":1,"92":1,"93":0,"94":1,"95":1,"96":1,"97":0,"98":1,"99":5,"100":5,"101":3,"102":2,"103":2,"104":7,"105":1,"106":7,"107":1,"108":6,"109":3,"110":4,"111":4,"112":0,"113":4,"114":4,"115":4,"116":4,"117":1,"118":3,"119":3,"120":6,"121":6,"122":1,"123":5,"124":1,"125":5,"126":0,"127":5,"128":4,"129":2,"130":2,"131":4,"132":2,"133":2,"134":2,"135":1,"136":1,"137":0,"138":1,"139":2,"140":2,"141":1,"142":2,"143":1,"144":3,"145":1,"146":1,"147":2,"148":1,"149":1,"150":1,"151":1,"152":0,"153":1,"154":1,"155":0,"156":0,"157":0},"f":{"0":189,"1":20,"2":4,"3":4,"4":5,"5":4,"6":8,"7":4,"8":22,"9":106,"10":4,"11":80,"12":4,"13":4,"14":4,"15":5,"16":0,"17":0,"18":0,"19":1,"20":1,"21":1,"22":1,"23":0,"24":0,"25":2,"26":1,"27":5,"28":7,"29":1,"30":4,"31":6,"32":1,"33":2,"34":4,"35":2,"36":2,"37":1,"38":2,"39":2,"40":2,"41":3,"42":1},"b":{"0":[2,2],"1":[189,178],"2":[20,19],"3":[5,5],"4":[0,5],"5":[5,5],"6":[0,5],"7":[5,5],"8":[0,5],"9":[4,0],"10":[0,4],"11":[4,4],"12":[0,4],"13":[4,4,4,4],"14":[0,4],"15":[8,8],"16":[4,0],"17":[4,3],"18":[2,2],"19":[0,2],"20":[0,4],"21":[0,4],"22":[0,4],"23":[2,2],"24":[1,79],"25":[1,0],"26":[4,0],"27":[4,3],"28":[4,3],"29":[4,4],"30":[1,3],"31":[4,0],"32":[5,5],"33":[0,0,0],"34":[5,5],"35":[0,0],"36":[0,0],"37":[5,5],"38":[5,5],"39":[5,4],"40":[5,4],"41":[0,5],"42":[5,5],"43":[5,5],"44":[0,1],"45":[0,1],"46":[0,1],"47":[0,1],"48":[1,1],"49":[1,1],"50":[0,0,0],"51":[1,1],"52":[0,0,0],"53":[1,1],"54":[1,0],"55":[1,1],"56":[0,1],"57":[0,2],"58":[2,0],"59":[0,1],"60":[0,1],"61":[3,2],"62":[2,0],"63":[7],"64":[1,6],"65":[7,6],"66":[1,5],"67":[5,0],"68":[0,4],"69":[4,0],"70":[1,3],"71":[3,0],"72":[6],"73":[1,5],"74":[0,5],"75":[5,4],"76":[1,4],"77":[4,0],"78":[1,1],"79":[1,2],"80":[1,0],"81":[1,1],"82":[1,0],"83":[0,1],"84":[0,0]},"_coverageSchema":"1a1c01bbd47fc00a2c39e90264f33305004495a9","hash":"37da4b8c13bfbfe81063dd82473d3c6bccbd7f39"}
}
