TN:
SF:src/app/sign-in.tsx
FN:11,SignInScreen
FN:18,(anonymous_1)
FN:33,(anonymous_2)
FN:48,(anonymous_3)
FNF:4
FNH:4
FNDA:23,SignInScreen
FNDA:2,(anonymous_1)
FNDA:2,(anonymous_2)
FNDA:3,(anonymous_3)
DA:12,23
DA:13,23
DA:14,23
DA:15,23
DA:16,23
DA:18,23
DA:19,2
DA:20,2
DA:21,2
DA:22,2
DA:23,1
DA:25,1
DA:26,1
DA:27,1
DA:29,2
DA:33,23
DA:34,2
DA:35,2
DA:36,2
DA:37,2
DA:38,1
DA:40,1
DA:41,1
DA:42,1
DA:44,2
DA:48,23
DA:49,3
DA:50,1
DA:51,1
DA:53,2
DA:54,2
DA:55,2
DA:56,2
DA:57,1
DA:58,1
DA:60,1
DA:61,1
DA:62,1
DA:64,2
DA:69,23
DA:108,1
LF:41
LH:41
BRDA:25,0,0,1
BRDA:25,0,1,0
BRDA:40,1,0,1
BRDA:40,1,1,0
BRDA:49,2,0,1
BRDA:49,2,1,2
BRDA:60,3,0,1
BRDA:60,3,1,0
BRDA:84,4,0,5
BRDA:84,4,1,18
BRDA:89,5,0,6
BRDA:89,5,1,17
BRF:12
BRH:9
end_of_record
TN:
SF:src/components/protected.tsx
FN:7,Protected
FNF:1
FNH:1
FNDA:3,Protected
DA:8,3
DA:10,3
DA:11,2
DA:13,1
LF:4
LH:4
BRDA:10,0,0,1
BRDA:10,0,1,2
BRDA:11,1,0,1
BRDA:11,1,1,1
BRF:4
BRH:4
end_of_record
TN:
SF:src/components/ui.tsx
FN:48,Button
FN:53,(anonymous_1)
FN:66,IconButton
FN:68,(anonymous_3)
FN:74,Card
FN:78,PageHeader
FN:101,Metric
FN:113,ProgressBar
FN:121,MacroBars
FN:131,MacroBar
FN:149,Field
FN:158,Chip
FN:160,(anonymous_12)
FN:166,SectionTitle
FN:175,LoadingState
FN:194,AppShell
FN:199,(anonymous_16)
FN:237,(anonymous_17)
FN:255,TotalLine
FN:264,LinkButton
FNF:20
FNH:20
FNDA:72,Button
FNDA:72,(anonymous_1)
FNDA:2,IconButton
FNDA:2,(anonymous_3)
FNDA:25,Card
FNDA:1,PageHeader
FNDA:1,Metric
FNDA:4,ProgressBar
FNDA:1,MacroBars
FNDA:3,MacroBar
FNDA:47,Field
FNDA:1,Chip
FNDA:1,(anonymous_12)
FNDA:1,SectionTitle
FNDA:1,LoadingState
FNDA:1,AppShell
FNDA:8,(anonymous_16)
FNDA:6,(anonymous_17)
FNDA:1,TotalLine
FNDA:1,LinkButton
DA:49,72
DA:53,72
DA:67,2
DA:68,2
DA:75,25
DA:89,1
DA:102,1
DA:114,4
DA:122,1
DA:132,3
DA:150,47
DA:159,1
DA:160,1
DA:167,1
DA:176,1
DA:183,2
DA:195,1
DA:196,1
DA:197,1
DA:198,1
DA:199,1
DA:200,8
DA:201,7
DA:202,6
DA:205,1
DA:226,1
DA:238,6
DA:239,6
DA:240,6
DA:256,1
DA:265,1
DA:275,2
LF:32
LH:32
BRDA:48,0,0,26
BRDA:56,1,0,72
BRDA:56,1,1,0
BRDA:57,2,0,72
BRDA:57,2,1,19
BRDA:60,3,0,23
BRDA:60,3,1,49
BRDA:60,4,0,0
BRDA:60,4,1,23
BRDA:61,5,0,26
BRDA:61,5,1,46
BRDA:68,6,0,2
BRDA:68,6,1,0
BRDA:74,7,0,24
BRDA:92,8,0,1
BRDA:92,8,1,0
BRDA:94,9,0,1
BRDA:94,9,1,0
BRDA:96,10,0,0
BRDA:96,10,1,1
BRDA:101,11,0,1
BRDA:103,12,0,0
BRDA:103,12,1,1
BRDA:106,13,0,1
BRDA:106,13,1,0
BRDA:107,14,0,1
BRDA:107,14,1,0
BRDA:113,15,0,1
BRDA:160,16,0,1
BRDA:160,16,1,1
BRDA:160,17,0,1
BRDA:160,17,1,0
BRDA:161,18,0,1
BRDA:161,18,1,1
BRDA:194,19,0,1
BRDA:200,20,0,1
BRDA:200,20,1,7
BRDA:201,21,0,1
BRDA:201,21,1,6
BRDA:205,22,0,1
BRDA:205,22,1,0
BRDA:228,23,0,1
BRDA:228,23,1,0
BRDA:242,24,0,6
BRDA:242,24,1,1
BRDA:243,25,0,1
BRDA:243,25,1,5
BRDA:244,26,0,6
BRDA:244,26,1,1
BRF:49
BRH:37
end_of_record
TN:
SF:src/constants/theme.ts
FN:70,(anonymous_0)
FNF:1
FNH:1
FNDA:1,(anonymous_0)
DA:5,2
DA:27,2
DA:35,2
DA:44,2
DA:57,2
DA:65,2
DA:70,2
DA:72,2
DA:91,2
DA:98,2
DA:108,2
DA:109,2
LF:12
LH:12
BRF:0
BRH:0
end_of_record
TN:
SF:src/data/defaults.ts
FN:3,(anonymous_0)
FN:5,(anonymous_1)
FN:14,(anonymous_2)
FN:33,(anonymous_3)
FN:34,(anonymous_4)
FN:39,(anonymous_5)
FN:50,(anonymous_6)
FN:52,(anonymous_7)
FN:53,(anonymous_8)
FN:81,(anonymous_9)
FN:82,(anonymous_10)
FN:85,(anonymous_11)
FN:86,(anonymous_12)
FN:87,(anonymous_13)
FN:88,(anonymous_14)
FN:96,(anonymous_15)
FNF:16
FNH:15
FNDA:35,(anonymous_0)
FNDA:18,(anonymous_1)
FNDA:6,(anonymous_2)
FNDA:42,(anonymous_3)
FNDA:42,(anonymous_4)
FNDA:3,(anonymous_5)
FNDA:14,(anonymous_6)
FNDA:42,(anonymous_7)
FNDA:126,(anonymous_8)
FNDA:4,(anonymous_9)
FNDA:15,(anonymous_10)
FNDA:10,(anonymous_11)
FNDA:24,(anonymous_12)
FNDA:0,(anonymous_13)
FNDA:24,(anonymous_14)
FNDA:6,(anonymous_15)
DA:3,35
DA:5,3
DA:6,18
DA:7,18
DA:8,18
DA:11,3
DA:12,3
DA:14,6
DA:33,3
DA:34,42
DA:35,42
DA:36,42
DA:39,3
DA:46,3
DA:47,1
DA:50,2
DA:51,14
DA:52,14
DA:53,126
DA:54,42
DA:55,42
DA:57,42
DA:66,14
DA:73,2
DA:81,3
DA:82,15
DA:83,4
DA:85,4
DA:86,10
DA:87,24
DA:88,24
DA:92,4
DA:96,6
LF:33
LH:33
BRDA:14,0,0,1
BRDA:35,1,0,42
BRDA:35,1,1,0
BRDA:41,2,0,3
BRDA:42,3,0,3
BRDA:43,4,0,3
BRDA:46,5,0,1
BRDA:46,5,1,2
BRDA:55,6,0,42
BRDA:55,6,1,0
BRDA:87,7,0,24
BRDA:87,7,1,0
BRDA:88,8,0,24
BRDA:88,8,1,6
BRDA:99,9,0,3
BRDA:99,9,1,3
BRF:16
BRH:13
end_of_record
TN:
SF:src/lib/firebase.ts
FNF:0
FNH:0
DA:6,3
DA:15,3
DA:17,3
DA:18,3
DA:21,3
DA:22,3
DA:23,3
DA:24,3
DA:30,3
DA:31,2
DA:32,2
DA:33,1
DA:34,1
DA:36,1
LF:14
LH:14
BRDA:7,0,0,3
BRDA:7,0,1,3
BRDA:8,1,0,3
BRDA:8,1,1,3
BRDA:9,2,0,3
BRDA:9,2,1,3
BRDA:10,3,0,3
BRDA:10,3,1,3
BRDA:11,4,0,3
BRDA:11,4,1,3
BRDA:12,5,0,3
BRDA:12,5,1,3
BRDA:15,6,0,0
BRDA:15,6,1,3
BRDA:21,7,0,3
BRDA:21,7,1,3
BRDA:21,8,0,0
BRDA:21,8,1,3
BRDA:22,9,0,3
BRDA:22,9,1,3
BRDA:23,10,0,3
BRDA:23,10,1,3
BRDA:30,11,0,2
BRDA:30,11,1,1
BRDA:30,12,0,3
BRDA:30,12,1,2
BRF:26
BRH:24
end_of_record
TN:
SF:src/services/recipes.ts
FN:92,(anonymous_0)
FN:94,(anonymous_1)
FN:95,(anonymous_2)
FN:96,(anonymous_3)
FN:101,(anonymous_4)
FN:109,(anonymous_5)
FN:117,(anonymous_6)
FN:119,(anonymous_7)
FN:121,(anonymous_8)
FN:121,(anonymous_9)
FN:146,(anonymous_10)
FN:147,(anonymous_11)
FN:154,(anonymous_12)
FN:157,(anonymous_13)
FN:161,(anonymous_14)
FN:188,(anonymous_15)
FN:190,(anonymous_16)
FN:194,(anonymous_17)
FN:194,(anonymous_18)
FN:227,searchByIngredients
FN:241,(anonymous_20)
FN:255,(anonymous_21)
FN:258,(anonymous_22)
FN:265,(anonymous_23)
FN:266,(anonymous_24)
FN:279,lookupMealDbMeal
FN:289,lookupSpoonacularRecipe
FN:340,searchMealDbByQuery
FN:350,searchMealDbRecipes
FN:356,(anonymous_29)
FN:371,searchByQuery
FN:397,searchSpoonacularRecipes
FN:406,(anonymous_32)
FN:421,searchMealDbAndSpoonacularRecipes
FN:427,(anonymous_34)
FN:428,(anonymous_35)
FN:429,(anonymous_36)
FN:433,(anonymous_37)
FN:443,(anonymous_38)
FN:443,(anonymous_39)
FN:445,(anonymous_40)
FN:453,getExternalRecipeById
FN:467,searchExternalRecipes
FNF:43
FNH:38
FNDA:189,(anonymous_0)
FNDA:20,(anonymous_1)
FNDA:4,(anonymous_2)
FNDA:4,(anonymous_3)
FNDA:5,(anonymous_4)
FNDA:4,(anonymous_5)
FNDA:8,(anonymous_6)
FNDA:4,(anonymous_7)
FNDA:22,(anonymous_8)
FNDA:106,(anonymous_9)
FNDA:4,(anonymous_10)
FNDA:80,(anonymous_11)
FNDA:4,(anonymous_12)
FNDA:4,(anonymous_13)
FNDA:4,(anonymous_14)
FNDA:5,(anonymous_15)
FNDA:0,(anonymous_16)
FNDA:0,(anonymous_17)
FNDA:0,(anonymous_18)
FNDA:1,searchByIngredients
FNDA:1,(anonymous_20)
FNDA:1,(anonymous_21)
FNDA:1,(anonymous_22)
FNDA:0,(anonymous_23)
FNDA:0,(anonymous_24)
FNDA:2,lookupMealDbMeal
FNDA:1,lookupSpoonacularRecipe
FNDA:5,searchMealDbByQuery
FNDA:7,searchMealDbRecipes
FNDA:1,(anonymous_29)
FNDA:4,searchByQuery
FNDA:6,searchSpoonacularRecipes
FNDA:1,(anonymous_32)
FNDA:2,searchMealDbAndSpoonacularRecipes
FNDA:4,(anonymous_34)
FNDA:2,(anonymous_35)
FNDA:2,(anonymous_36)
FNDA:1,(anonymous_37)
FNDA:2,(anonymous_38)
FNDA:2,(anonymous_39)
FNDA:2,(anonymous_40)
FNDA:3,getExternalRecipeById
FNDA:1,searchExternalRecipes
DA:89,2
DA:90,2
DA:92,189
DA:94,2
DA:95,20
DA:96,4
DA:98,20
DA:101,2
DA:102,5
DA:103,5
DA:104,5
DA:105,5
DA:106,5
DA:109,2
DA:110,4
DA:111,4
DA:112,4
DA:113,4
DA:114,4
DA:117,8
DA:119,2
DA:120,4
DA:121,106
DA:122,4
DA:127,4
DA:132,4
DA:138,4
DA:146,2
DA:147,4
DA:148,80
DA:149,80
DA:150,80
DA:151,80
DA:154,2
DA:155,4
DA:157,4
DA:161,2
DA:162,4
DA:163,4
DA:164,4
DA:166,4
DA:188,2
DA:189,5
DA:190,0
DA:194,5
DA:195,5
DA:197,5
DA:228,1
DA:235,1
DA:236,1
DA:237,0
DA:240,1
DA:241,1
DA:242,1
DA:244,1
DA:249,1
DA:250,1
DA:251,0
DA:254,1
DA:255,1
DA:257,1
DA:259,1
DA:260,1
DA:261,1
DA:265,1
DA:266,1
DA:268,1
DA:280,2
DA:281,2
DA:282,0
DA:285,2
DA:286,2
DA:290,1
DA:291,1
DA:293,1
DA:297,1
DA:298,1
DA:299,0
DA:302,1
DA:341,5
DA:342,5
DA:343,3
DA:346,2
DA:347,2
DA:355,7
DA:356,1
DA:359,7
DA:361,6
DA:365,3
DA:372,4
DA:381,4
DA:382,0
DA:384,4
DA:385,4
DA:388,4
DA:389,4
DA:390,1
DA:393,3
DA:394,3
DA:402,6
DA:403,6
DA:405,5
DA:406,1
DA:409,5
DA:411,5
DA:415,4
DA:422,2
DA:426,2
DA:427,4
DA:428,2
DA:429,2
DA:431,2
DA:432,1
DA:433,1
DA:439,0
DA:442,1
DA:443,2
DA:445,2
DA:447,1
DA:454,3
DA:455,1
DA:456,1
DA:459,2
DA:460,1
DA:461,1
DA:464,1
DA:468,1
DA:469,0
DA:472,1
DA:473,1
DA:474,0
DA:485,0
LF:132
LH:122
BRDA:90,0,0,2
BRDA:90,0,1,2
BRDA:92,1,0,189
BRDA:92,1,1,178
BRDA:98,2,0,20
BRDA:98,2,1,19
BRDA:102,3,0,5
BRDA:102,3,1,5
BRDA:103,4,0,0
BRDA:103,4,1,5
BRDA:103,5,0,5
BRDA:103,5,1,5
BRDA:104,6,0,0
BRDA:104,6,1,5
BRDA:104,7,0,5
BRDA:104,7,1,5
BRDA:105,8,0,0
BRDA:105,8,1,5
BRDA:110,9,0,4
BRDA:110,9,1,0
BRDA:111,10,0,0
BRDA:111,10,1,4
BRDA:111,11,0,4
BRDA:111,11,1,4
BRDA:112,12,0,0
BRDA:112,12,1,4
BRDA:112,13,0,4
BRDA:112,13,1,4
BRDA:112,13,2,4
BRDA:112,13,3,4
BRDA:113,14,0,0
BRDA:113,14,1,4
BRDA:117,15,0,8
BRDA:117,15,1,8
BRDA:120,16,0,4
BRDA:120,16,1,0
BRDA:120,17,0,4
BRDA:120,17,1,3
BRDA:122,18,0,2
BRDA:122,18,1,2
BRDA:124,19,0,0
BRDA:124,19,1,2
BRDA:127,20,0,0
BRDA:127,20,1,4
BRDA:129,21,0,0
BRDA:129,21,1,4
BRDA:132,22,0,0
BRDA:132,22,1,4
BRDA:134,23,0,2
BRDA:134,23,1,2
BRDA:151,24,0,1
BRDA:151,24,1,79
BRDA:151,25,0,1
BRDA:151,25,1,0
BRDA:168,26,0,4
BRDA:168,26,1,0
BRDA:169,27,0,4
BRDA:169,27,1,3
BRDA:169,28,0,4
BRDA:169,28,1,3
BRDA:180,29,0,4
BRDA:180,29,1,4
BRDA:181,30,0,1
BRDA:181,30,1,3
BRDA:184,31,0,4
BRDA:184,31,1,0
BRDA:189,32,0,5
BRDA:189,32,1,5
BRDA:190,33,0,0
BRDA:190,33,1,0
BRDA:190,33,2,0
BRDA:194,34,0,5
BRDA:194,34,1,5
BRDA:194,35,0,0
BRDA:194,35,1,0
BRDA:194,36,0,0
BRDA:194,36,1,0
BRDA:201,37,0,5
BRDA:201,37,1,5
BRDA:202,38,0,5
BRDA:202,38,1,5
BRDA:210,39,0,5
BRDA:210,39,1,4
BRDA:213,40,0,5
BRDA:213,40,1,4
BRDA:214,41,0,0
BRDA:214,41,1,5
BRDA:219,42,0,5
BRDA:219,42,1,5
BRDA:220,43,0,5
BRDA:220,43,1,5
BRDA:236,44,0,0
BRDA:236,44,1,1
BRDA:242,45,0,0
BRDA:242,45,1,1
BRDA:250,46,0,0
BRDA:250,46,1,1
BRDA:260,47,0,0
BRDA:260,47,1,1
BRDA:263,48,0,1
BRDA:263,48,1,1
BRDA:265,49,0,1
BRDA:265,49,1,1
BRDA:265,50,0,0
BRDA:265,50,1,0
BRDA:265,50,2,0
BRDA:266,51,0,1
BRDA:266,51,1,1
BRDA:266,52,0,0
BRDA:266,52,1,0
BRDA:266,52,2,0
BRDA:270,53,0,1
BRDA:270,53,1,1
BRDA:270,54,0,1
BRDA:270,54,1,0
BRDA:272,55,0,1
BRDA:272,55,1,1
BRDA:273,56,0,0
BRDA:273,56,1,1
BRDA:281,57,0,0
BRDA:281,57,1,2
BRDA:286,58,0,2
BRDA:286,58,1,0
BRDA:291,59,0,0
BRDA:291,59,1,1
BRDA:298,60,0,0
BRDA:298,60,1,1
BRDA:342,61,0,3
BRDA:342,61,1,2
BRDA:347,62,0,2
BRDA:347,62,1,0
BRDA:353,63,0,7
BRDA:359,64,0,1
BRDA:359,64,1,6
BRDA:359,65,0,7
BRDA:359,65,1,6
BRDA:361,66,0,1
BRDA:361,66,1,5
BRDA:363,67,0,5
BRDA:363,67,1,0
BRDA:381,68,0,0
BRDA:381,68,1,4
BRDA:384,69,0,4
BRDA:384,69,1,0
BRDA:389,70,0,1
BRDA:389,70,1,3
BRDA:394,71,0,3
BRDA:394,71,1,0
BRDA:400,72,0,6
BRDA:403,73,0,1
BRDA:403,73,1,5
BRDA:409,74,0,0
BRDA:409,74,1,5
BRDA:409,75,0,5
BRDA:409,75,1,4
BRDA:411,76,0,1
BRDA:411,76,1,4
BRDA:413,77,0,4
BRDA:413,77,1,0
BRDA:431,78,0,1
BRDA:431,78,1,1
BRDA:454,79,0,1
BRDA:454,79,1,2
BRDA:456,80,0,1
BRDA:456,80,1,0
BRDA:459,81,0,1
BRDA:459,81,1,1
BRDA:461,82,0,1
BRDA:461,82,1,0
BRDA:468,83,0,0
BRDA:468,83,1,1
BRDA:474,84,0,0
BRDA:474,84,1,0
BRF:173
BRH:122
end_of_record
